{"/Users/alex/projects/js-rpg/src/shared/Generator.js":{"path":"/Users/alex/projects/js-rpg/src/shared/Generator.js","statementMap":{"0":{"start":{"line":3,"column":0},"end":{"line":5,"column":3}},"1":{"start":{"line":6,"column":0},"end":{"line":6,"column":25}},"2":{"start":{"line":8,"column":50},"end":{"line":8,"column":151}},"3":{"start":{"line":8,"column":92},"end":{"line":8,"column":149}},"4":{"start":{"line":10,"column":44},"end":{"line":10,"column":315}},"5":{"start":{"line":10,"column":102},"end":{"line":10,"column":110}},"6":{"start":{"line":10,"column":112},"end":{"line":10,"column":167}},"7":{"start":{"line":10,"column":168},"end":{"line":10,"column":199}},"8":{"start":{"line":10,"column":200},"end":{"line":10,"column":254}},"9":{"start":{"line":10,"column":227},"end":{"line":10,"column":254}},"10":{"start":{"line":10,"column":255},"end":{"line":10,"column":313}},"11":{"start":{"line":12,"column":62},"end":{"line":12,"column":131}},"12":{"start":{"line":12,"column":78},"end":{"line":12,"column":131}},"13":{"start":{"line":12,"column":132},"end":{"line":12,"column":193}},"14":{"start":{"line":12,"column":149},"end":{"line":12,"column":193}},"15":{"start":{"line":12,"column":194},"end":{"line":12,"column":213}},"16":{"start":{"line":16,"column":0},"end":{"line":44,"column":3}},"17":{"start":{"line":18,"column":4},"end":{"line":18,"column":37}},"18":{"start":{"line":20,"column":4},"end":{"line":20,"column":27}},"19":{"start":{"line":23,"column":2},"end":{"line":41,"column":6}},"20":{"start":{"line":29,"column":6},"end":{"line":29,"column":17}},"21":{"start":{"line":34,"column":6},"end":{"line":34,"column":19}},"22":{"start":{"line":39,"column":6},"end":{"line":39,"column":79}},"23":{"start":{"line":43,"column":2},"end":{"line":43,"column":19}},"24":{"start":{"line":46,"column":0},"end":{"line":46,"column":28}}},"fnMap":{"0":{"name":"_classCallCheck","decl":{"start":{"line":8,"column":9},"end":{"line":8,"column":24}},"loc":{"start":{"line":8,"column":48},"end":{"line":8,"column":153}},"line":8},"1":{"name":"_defineProperties","decl":{"start":{"line":10,"column":9},"end":{"line":10,"column":26}},"loc":{"start":{"line":10,"column":42},"end":{"line":10,"column":317}},"line":10},"2":{"name":"_createClass","decl":{"start":{"line":12,"column":9},"end":{"line":12,"column":21}},"loc":{"start":{"line":12,"column":60},"end":{"line":12,"column":215}},"line":12},"3":{"name":"(anonymous_3)","decl":{"start":{"line":16,"column":0},"end":{"line":16,"column":1}},"loc":{"start":{"line":16,"column":12},"end":{"line":44,"column":1}},"line":16},"4":{"name":"Generator","decl":{"start":{"line":17,"column":11},"end":{"line":17,"column":20}},"loc":{"start":{"line":17,"column":30},"end":{"line":21,"column":3}},"line":17},"5":{"name":"reset","decl":{"start":{"line":25,"column":20},"end":{"line":25,"column":25}},"loc":{"start":{"line":25,"column":28},"end":{"line":25,"column":30}},"line":25},"6":{"name":"percentDone","decl":{"start":{"line":28,"column":20},"end":{"line":28,"column":31}},"loc":{"start":{"line":28,"column":34},"end":{"line":30,"column":5}},"line":28},"7":{"name":"canGenerate","decl":{"start":{"line":33,"column":20},"end":{"line":33,"column":31}},"loc":{"start":{"line":33,"column":34},"end":{"line":35,"column":5}},"line":33},"8":{"name":"generateStep","decl":{"start":{"line":38,"column":20},"end":{"line":38,"column":32}},"loc":{"start":{"line":38,"column":35},"end":{"line":40,"column":5}},"line":38}},"branchMap":{"0":{"loc":{"start":{"line":8,"column":50},"end":{"line":8,"column":151}},"type":"if","locations":[{"start":{"line":8,"column":50},"end":{"line":8,"column":151}},{"start":{"line":8,"column":50},"end":{"line":8,"column":151}}],"line":8},"1":{"loc":{"start":{"line":10,"column":136},"end":{"line":10,"column":166}},"type":"binary-expr","locations":[{"start":{"line":10,"column":136},"end":{"line":10,"column":157}},{"start":{"line":10,"column":161},"end":{"line":10,"column":166}}],"line":10},"2":{"loc":{"start":{"line":10,"column":200},"end":{"line":10,"column":254}},"type":"if","locations":[{"start":{"line":10,"column":200},"end":{"line":10,"column":254}},{"start":{"line":10,"column":200},"end":{"line":10,"column":254}}],"line":10},"3":{"loc":{"start":{"line":12,"column":62},"end":{"line":12,"column":131}},"type":"if","locations":[{"start":{"line":12,"column":62},"end":{"line":12,"column":131}},{"start":{"line":12,"column":62},"end":{"line":12,"column":131}}],"line":12},"4":{"loc":{"start":{"line":12,"column":132},"end":{"line":12,"column":193}},"type":"if","locations":[{"start":{"line":12,"column":132},"end":{"line":12,"column":193}},{"start":{"line":12,"column":132},"end":{"line":12,"column":193}}],"line":12}},"s":{"0":1,"1":1,"2":19,"3":0,"4":1,"5":4,"6":4,"7":4,"8":4,"9":4,"10":4,"11":1,"12":1,"13":1,"14":0,"15":1,"16":1,"17":19,"18":19,"19":1,"20":1,"21":1,"22":1,"23":1,"24":1},"f":{"0":19,"1":1,"2":1,"3":1,"4":19,"5":0,"6":1,"7":1,"8":1},"b":{"0":[0,19],"1":[4,4],"2":[4,0],"3":[1,0],"4":[0,1]},"_coverageSchema":"332fd63041d2c1bcb487cc26dd0d5f7d97098a6c","hash":"b37dfe39c06b2614c06933c0dd3474ad441e1358","contentHash":"9f3de21503a338e37f20831196e3b9f1_11.3.0"},"/Users/alex/projects/js-rpg/src/shared/Grid.js":{"path":"/Users/alex/projects/js-rpg/src/shared/Grid.js","statementMap":{"0":{"start":{"line":3,"column":0},"end":{"line":5,"column":3}},"1":{"start":{"line":6,"column":0},"end":{"line":6,"column":40}},"2":{"start":{"line":8,"column":12},"end":{"line":8,"column":55}},"3":{"start":{"line":10,"column":40},"end":{"line":10,"column":267}},"4":{"start":{"line":10,"column":69},"end":{"line":10,"column":80}},"5":{"start":{"line":10,"column":103},"end":{"line":10,"column":105}},"6":{"start":{"line":10,"column":107},"end":{"line":10,"column":228}},"7":{"start":{"line":10,"column":126},"end":{"line":10,"column":226}},"8":{"start":{"line":10,"column":149},"end":{"line":10,"column":224}},"9":{"start":{"line":10,"column":201},"end":{"line":10,"column":224}},"10":{"start":{"line":10,"column":229},"end":{"line":10,"column":250}},"11":{"start":{"line":10,"column":251},"end":{"line":10,"column":265}},"12":{"start":{"line":12,"column":22},"end":{"line":12,"column":275}},"13":{"start":{"line":12,"column":70},"end":{"line":12,"column":257}},"14":{"start":{"line":12,"column":128},"end":{"line":12,"column":140}},"15":{"start":{"line":12,"column":142},"end":{"line":12,"column":255}},"16":{"start":{"line":12,"column":168},"end":{"line":12,"column":253}},"17":{"start":{"line":12,"column":225},"end":{"line":12,"column":251}},"18":{"start":{"line":12,"column":258},"end":{"line":12,"column":272}},"19":{"start":{"line":12,"column":276},"end":{"line":12,"column":315}},"20":{"start":{"line":14,"column":50},"end":{"line":14,"column":151}},"21":{"start":{"line":14,"column":92},"end":{"line":14,"column":149}},"22":{"start":{"line":16,"column":44},"end":{"line":16,"column":315}},"23":{"start":{"line":16,"column":102},"end":{"line":16,"column":110}},"24":{"start":{"line":16,"column":112},"end":{"line":16,"column":167}},"25":{"start":{"line":16,"column":168},"end":{"line":16,"column":199}},"26":{"start":{"line":16,"column":200},"end":{"line":16,"column":254}},"27":{"start":{"line":16,"column":227},"end":{"line":16,"column":254}},"28":{"start":{"line":16,"column":255},"end":{"line":16,"column":313}},"29":{"start":{"line":18,"column":62},"end":{"line":18,"column":131}},"30":{"start":{"line":18,"column":78},"end":{"line":18,"column":131}},"31":{"start":{"line":18,"column":132},"end":{"line":18,"column":193}},"32":{"start":{"line":18,"column":149},"end":{"line":18,"column":193}},"33":{"start":{"line":18,"column":194},"end":{"line":18,"column":213}},"34":{"start":{"line":22,"column":0},"end":{"line":146,"column":3}},"35":{"start":{"line":24,"column":4},"end":{"line":24,"column":32}},"36":{"start":{"line":26,"column":4},"end":{"line":26,"column":112}},"37":{"start":{"line":26,"column":35},"end":{"line":26,"column":112}},"38":{"start":{"line":27,"column":4},"end":{"line":27,"column":23}},"39":{"start":{"line":28,"column":4},"end":{"line":28,"column":25}},"40":{"start":{"line":29,"column":4},"end":{"line":31,"column":7}},"41":{"start":{"line":30,"column":6},"end":{"line":30,"column":26}},"42":{"start":{"line":34,"column":2},"end":{"line":143,"column":6}},"43":{"start":{"line":37,"column":6},"end":{"line":43,"column":8}},"44":{"start":{"line":41,"column":10},"end":{"line":41,"column":48}},"45":{"start":{"line":48,"column":6},"end":{"line":48,"column":32}},"46":{"start":{"line":53,"column":14},"end":{"line":53,"column":32}},"47":{"start":{"line":54,"column":14},"end":{"line":54,"column":44}},"48":{"start":{"line":55,"column":6},"end":{"line":58,"column":8}},"49":{"start":{"line":63,"column":6},"end":{"line":63,"column":67}},"50":{"start":{"line":68,"column":6},"end":{"line":68,"column":49}},"51":{"start":{"line":68,"column":32},"end":{"line":68,"column":49}},"52":{"start":{"line":70,"column":18},"end":{"line":70,"column":42}},"53":{"start":{"line":72,"column":6},"end":{"line":72,"column":30}},"54":{"start":{"line":77,"column":6},"end":{"line":77,"column":39}},"55":{"start":{"line":77,"column":32},"end":{"line":77,"column":39}},"56":{"start":{"line":79,"column":18},"end":{"line":79,"column":42}},"57":{"start":{"line":81,"column":6},"end":{"line":81,"column":30}},"58":{"start":{"line":82,"column":6},"end":{"line":82,"column":18}},"59":{"start":{"line":87,"column":18},"end":{"line":87,"column":22}},"60":{"start":{"line":89,"column":6},"end":{"line":95,"column":13}},"61":{"start":{"line":90,"column":8},"end":{"line":92,"column":9}},"62":{"start":{"line":91,"column":10},"end":{"line":91,"column":65}},"63":{"start":{"line":94,"column":8},"end":{"line":94,"column":23}},"64":{"start":{"line":100,"column":19},"end":{"line":100,"column":23}},"65":{"start":{"line":102,"column":6},"end":{"line":104,"column":13}},"66":{"start":{"line":103,"column":8},"end":{"line":103,"column":67}},"67":{"start":{"line":109,"column":19},"end":{"line":109,"column":23}},"68":{"start":{"line":111,"column":20},"end":{"line":111,"column":54}},"69":{"start":{"line":113,"column":6},"end":{"line":115,"column":9}},"70":{"start":{"line":114,"column":8},"end":{"line":114,"column":32}},"71":{"start":{"line":116,"column":6},"end":{"line":116,"column":18}},"72":{"start":{"line":133,"column":18},"end":{"line":133,"column":28}},"73":{"start":{"line":134,"column":19},"end":{"line":134,"column":30}},"74":{"start":{"line":135,"column":17},"end":{"line":135,"column":26}},"75":{"start":{"line":136,"column":6},"end":{"line":136,"column":104}},"76":{"start":{"line":136,"column":42},"end":{"line":136,"column":104}},"77":{"start":{"line":137,"column":14},"end":{"line":137,"column":37}},"78":{"start":{"line":138,"column":6},"end":{"line":140,"column":9}},"79":{"start":{"line":139,"column":8},"end":{"line":139,"column":35}},"80":{"start":{"line":141,"column":6},"end":{"line":141,"column":15}},"81":{"start":{"line":145,"column":2},"end":{"line":145,"column":14}},"82":{"start":{"line":148,"column":0},"end":{"line":148,"column":23}},"83":{"start":{"line":152,"column":0},"end":{"line":262,"column":3}},"84":{"start":{"line":154,"column":4},"end":{"line":154,"column":32}},"85":{"start":{"line":156,"column":4},"end":{"line":156,"column":19}},"86":{"start":{"line":157,"column":4},"end":{"line":157,"column":19}},"87":{"start":{"line":160,"column":2},"end":{"line":259,"column":6}},"88":{"start":{"line":163,"column":17},"end":{"line":163,"column":26}},"89":{"start":{"line":164,"column":18},"end":{"line":164,"column":28}},"90":{"start":{"line":165,"column":17},"end":{"line":165,"column":26}},"91":{"start":{"line":166,"column":6},"end":{"line":170,"column":8}},"92":{"start":{"line":175,"column":6},"end":{"line":175,"column":30}},"93":{"start":{"line":176,"column":6},"end":{"line":176,"column":22}},"94":{"start":{"line":181,"column":18},"end":{"line":181,"column":88}},"95":{"start":{"line":182,"column":6},"end":{"line":182,"column":30}},"96":{"start":{"line":183,"column":6},"end":{"line":183,"column":27}},"97":{"start":{"line":188,"column":6},"end":{"line":188,"column":30}},"98":{"start":{"line":189,"column":6},"end":{"line":189,"column":26}},"99":{"start":{"line":194,"column":6},"end":{"line":194,"column":33}},"100":{"start":{"line":195,"column":6},"end":{"line":195,"column":22}},"101":{"start":{"line":200,"column":6},"end":{"line":200,"column":35}},"102":{"start":{"line":201,"column":6},"end":{"line":201,"column":22}},"103":{"start":{"line":206,"column":19},"end":{"line":206,"column":23}},"104":{"start":{"line":208,"column":6},"end":{"line":208,"column":45}},"105":{"start":{"line":208,"column":38},"end":{"line":208,"column":45}},"106":{"start":{"line":210,"column":6},"end":{"line":214,"column":9}},"107":{"start":{"line":211,"column":8},"end":{"line":213,"column":9}},"108":{"start":{"line":212,"column":10},"end":{"line":212,"column":31}},"109":{"start":{"line":219,"column":19},"end":{"line":219,"column":23}},"110":{"start":{"line":221,"column":6},"end":{"line":221,"column":45}},"111":{"start":{"line":221,"column":38},"end":{"line":221,"column":45}},"112":{"start":{"line":223,"column":6},"end":{"line":227,"column":9}},"113":{"start":{"line":224,"column":8},"end":{"line":226,"column":9}},"114":{"start":{"line":225,"column":10},"end":{"line":225,"column":56}},"115":{"start":{"line":232,"column":19},"end":{"line":232,"column":23}},"116":{"start":{"line":234,"column":6},"end":{"line":236,"column":9}},"117":{"start":{"line":235,"column":8},"end":{"line":235,"column":44}},"118":{"start":{"line":241,"column":6},"end":{"line":241,"column":56}},"119":{"start":{"line":246,"column":6},"end":{"line":246,"column":72}},"120":{"start":{"line":251,"column":17},"end":{"line":251,"column":27}},"121":{"start":{"line":252,"column":18},"end":{"line":252,"column":29}},"122":{"start":{"line":253,"column":17},"end":{"line":253,"column":27}},"123":{"start":{"line":254,"column":14},"end":{"line":254,"column":24}},"124":{"start":{"line":255,"column":6},"end":{"line":255,"column":20}},"125":{"start":{"line":256,"column":6},"end":{"line":256,"column":22}},"126":{"start":{"line":257,"column":6},"end":{"line":257,"column":34}},"127":{"start":{"line":261,"column":2},"end":{"line":261,"column":14}},"128":{"start":{"line":264,"column":0},"end":{"line":264,"column":20}}},"fnMap":{"0":{"name":"_interopRequireWildcard","decl":{"start":{"line":10,"column":9},"end":{"line":10,"column":32}},"loc":{"start":{"line":10,"column":38},"end":{"line":10,"column":269}},"line":10},"1":{"name":"_extends","decl":{"start":{"line":12,"column":9},"end":{"line":12,"column":17}},"loc":{"start":{"line":12,"column":20},"end":{"line":12,"column":317}},"line":12},"2":{"name":"(anonymous_2)","decl":{"start":{"line":12,"column":50},"end":{"line":12,"column":51}},"loc":{"start":{"line":12,"column":68},"end":{"line":12,"column":274}},"line":12},"3":{"name":"_classCallCheck","decl":{"start":{"line":14,"column":9},"end":{"line":14,"column":24}},"loc":{"start":{"line":14,"column":48},"end":{"line":14,"column":153}},"line":14},"4":{"name":"_defineProperties","decl":{"start":{"line":16,"column":9},"end":{"line":16,"column":26}},"loc":{"start":{"line":16,"column":42},"end":{"line":16,"column":317}},"line":16},"5":{"name":"_createClass","decl":{"start":{"line":18,"column":9},"end":{"line":18,"column":21}},"loc":{"start":{"line":18,"column":60},"end":{"line":18,"column":215}},"line":18},"6":{"name":"(anonymous_6)","decl":{"start":{"line":22,"column":0},"end":{"line":22,"column":1}},"loc":{"start":{"line":22,"column":12},"end":{"line":146,"column":1}},"line":22},"7":{"name":"Grid","decl":{"start":{"line":23,"column":11},"end":{"line":23,"column":15}},"loc":{"start":{"line":23,"column":45},"end":{"line":32,"column":3}},"line":23},"8":{"name":"(anonymous_8)","decl":{"start":{"line":29,"column":57},"end":{"line":29,"column":58}},"loc":{"start":{"line":29,"column":69},"end":{"line":31,"column":5}},"line":29},"9":{"name":"serialize","decl":{"start":{"line":36,"column":20},"end":{"line":36,"column":29}},"loc":{"start":{"line":36,"column":32},"end":{"line":44,"column":5}},"line":36},"10":{"name":"(anonymous_10)","decl":{"start":{"line":40,"column":28},"end":{"line":40,"column":29}},"loc":{"start":{"line":40,"column":44},"end":{"line":42,"column":9}},"line":40},"11":{"name":"_coordToIndex","decl":{"start":{"line":47,"column":20},"end":{"line":47,"column":33}},"loc":{"start":{"line":47,"column":40},"end":{"line":49,"column":5}},"line":47},"12":{"name":"_indexToXY","decl":{"start":{"line":52,"column":20},"end":{"line":52,"column":30}},"loc":{"start":{"line":52,"column":38},"end":{"line":59,"column":5}},"line":52},"13":{"name":"contains","decl":{"start":{"line":62,"column":20},"end":{"line":62,"column":28}},"loc":{"start":{"line":62,"column":35},"end":{"line":64,"column":5}},"line":62},"14":{"name":"get","decl":{"start":{"line":67,"column":20},"end":{"line":67,"column":23}},"loc":{"start":{"line":67,"column":30},"end":{"line":73,"column":5}},"line":67},"15":{"name":"set","decl":{"start":{"line":76,"column":20},"end":{"line":76,"column":23}},"loc":{"start":{"line":76,"column":36},"end":{"line":83,"column":5}},"line":76},"16":{"name":"_getIndexesOfRow","decl":{"start":{"line":86,"column":20},"end":{"line":86,"column":36}},"loc":{"start":{"line":86,"column":50},"end":{"line":96,"column":5}},"line":86},"17":{"name":"(anonymous_17)","decl":{"start":{"line":89,"column":48},"end":{"line":89,"column":49}},"loc":{"start":{"line":89,"column":75},"end":{"line":95,"column":7}},"line":89},"18":{"name":"_getIndexesOfRect","decl":{"start":{"line":99,"column":20},"end":{"line":99,"column":37}},"loc":{"start":{"line":99,"column":50},"end":{"line":105,"column":5}},"line":99},"19":{"name":"(anonymous_19)","decl":{"start":{"line":102,"column":44},"end":{"line":102,"column":45}},"loc":{"start":{"line":102,"column":68},"end":{"line":104,"column":7}},"line":102},"20":{"name":"setRect","decl":{"start":{"line":108,"column":20},"end":{"line":108,"column":27}},"loc":{"start":{"line":108,"column":46},"end":{"line":117,"column":5}},"line":108},"21":{"name":"(anonymous_21)","decl":{"start":{"line":113,"column":22},"end":{"line":113,"column":23}},"loc":{"start":{"line":113,"column":37},"end":{"line":115,"column":7}},"line":113},"22":{"name":"deserialize","decl":{"start":{"line":132,"column":20},"end":{"line":132,"column":31}},"loc":{"start":{"line":132,"column":38},"end":{"line":142,"column":5}},"line":132},"23":{"name":"(anonymous_23)","decl":{"start":{"line":138,"column":24},"end":{"line":138,"column":25}},"loc":{"start":{"line":138,"column":37},"end":{"line":140,"column":7}},"line":138},"24":{"name":"(anonymous_24)","decl":{"start":{"line":152,"column":0},"end":{"line":152,"column":1}},"loc":{"start":{"line":152,"column":12},"end":{"line":262,"column":1}},"line":152},"25":{"name":"Cell","decl":{"start":{"line":153,"column":11},"end":{"line":153,"column":15}},"loc":{"start":{"line":153,"column":18},"end":{"line":158,"column":3}},"line":153},"26":{"name":"serialize","decl":{"start":{"line":162,"column":20},"end":{"line":162,"column":29}},"loc":{"start":{"line":162,"column":32},"end":{"line":171,"column":5}},"line":162},"27":{"name":"asBlank","decl":{"start":{"line":174,"column":20},"end":{"line":174,"column":27}},"loc":{"start":{"line":174,"column":30},"end":{"line":177,"column":5}},"line":174},"28":{"name":"asFloor","decl":{"start":{"line":180,"column":20},"end":{"line":180,"column":27}},"loc":{"start":{"line":180,"column":30},"end":{"line":184,"column":5}},"line":180},"29":{"name":"asBlock","decl":{"start":{"line":187,"column":20},"end":{"line":187,"column":27}},"loc":{"start":{"line":187,"column":30},"end":{"line":190,"column":5}},"line":187},"30":{"name":"asStairsUp","decl":{"start":{"line":193,"column":20},"end":{"line":193,"column":30}},"loc":{"start":{"line":193,"column":33},"end":{"line":196,"column":5}},"line":193},"31":{"name":"asStairsDown","decl":{"start":{"line":199,"column":20},"end":{"line":199,"column":32}},"loc":{"start":{"line":199,"column":35},"end":{"line":202,"column":5}},"line":199},"32":{"name":"addWalls","decl":{"start":{"line":205,"column":20},"end":{"line":205,"column":28}},"loc":{"start":{"line":205,"column":36},"end":{"line":215,"column":5}},"line":205},"33":{"name":"(anonymous_33)","decl":{"start":{"line":210,"column":52},"end":{"line":210,"column":53}},"loc":{"start":{"line":210,"column":68},"end":{"line":214,"column":7}},"line":210},"34":{"name":"removeWalls","decl":{"start":{"line":218,"column":20},"end":{"line":218,"column":31}},"loc":{"start":{"line":218,"column":39},"end":{"line":228,"column":5}},"line":218},"35":{"name":"(anonymous_35)","decl":{"start":{"line":223,"column":52},"end":{"line":223,"column":53}},"loc":{"start":{"line":223,"column":68},"end":{"line":227,"column":7}},"line":223},"36":{"name":"hasWalls","decl":{"start":{"line":231,"column":20},"end":{"line":231,"column":28}},"loc":{"start":{"line":231,"column":36},"end":{"line":237,"column":5}},"line":231},"37":{"name":"(anonymous_37)","decl":{"start":{"line":234,"column":57},"end":{"line":234,"column":58}},"loc":{"start":{"line":234,"column":70},"end":{"line":236,"column":7}},"line":234},"38":{"name":"_onlyValidWalls","decl":{"start":{"line":240,"column":20},"end":{"line":240,"column":35}},"loc":{"start":{"line":240,"column":43},"end":{"line":242,"column":5}},"line":240},"39":{"name":"isStairs","decl":{"start":{"line":245,"column":20},"end":{"line":245,"column":28}},"loc":{"start":{"line":245,"column":31},"end":{"line":247,"column":5}},"line":245},"40":{"name":"deserialize","decl":{"start":{"line":250,"column":20},"end":{"line":250,"column":31}},"loc":{"start":{"line":250,"column":39},"end":{"line":258,"column":5}},"line":250}},"branchMap":{"0":{"loc":{"start":{"line":10,"column":40},"end":{"line":10,"column":267}},"type":"if","locations":[{"start":{"line":10,"column":40},"end":{"line":10,"column":267}},{"start":{"line":10,"column":40},"end":{"line":10,"column":267}}],"line":10},"1":{"loc":{"start":{"line":10,"column":44},"end":{"line":10,"column":65}},"type":"binary-expr","locations":[{"start":{"line":10,"column":44},"end":{"line":10,"column":47}},{"start":{"line":10,"column":51},"end":{"line":10,"column":65}}],"line":10},"2":{"loc":{"start":{"line":10,"column":107},"end":{"line":10,"column":228}},"type":"if","locations":[{"start":{"line":10,"column":107},"end":{"line":10,"column":228}},{"start":{"line":10,"column":107},"end":{"line":10,"column":228}}],"line":10},"3":{"loc":{"start":{"line":10,"column":149},"end":{"line":10,"column":224}},"type":"if","locations":[{"start":{"line":10,"column":149},"end":{"line":10,"column":224}},{"start":{"line":10,"column":149},"end":{"line":10,"column":224}}],"line":10},"4":{"loc":{"start":{"line":12,"column":33},"end":{"line":12,"column":274}},"type":"binary-expr","locations":[{"start":{"line":12,"column":33},"end":{"line":12,"column":46}},{"start":{"line":12,"column":50},"end":{"line":12,"column":274}}],"line":12},"5":{"loc":{"start":{"line":12,"column":168},"end":{"line":12,"column":253}},"type":"if","locations":[{"start":{"line":12,"column":168},"end":{"line":12,"column":253}},{"start":{"line":12,"column":168},"end":{"line":12,"column":253}}],"line":12},"6":{"loc":{"start":{"line":14,"column":50},"end":{"line":14,"column":151}},"type":"if","locations":[{"start":{"line":14,"column":50},"end":{"line":14,"column":151}},{"start":{"line":14,"column":50},"end":{"line":14,"column":151}}],"line":14},"7":{"loc":{"start":{"line":16,"column":136},"end":{"line":16,"column":166}},"type":"binary-expr","locations":[{"start":{"line":16,"column":136},"end":{"line":16,"column":157}},{"start":{"line":16,"column":161},"end":{"line":16,"column":166}}],"line":16},"8":{"loc":{"start":{"line":16,"column":200},"end":{"line":16,"column":254}},"type":"if","locations":[{"start":{"line":16,"column":200},"end":{"line":16,"column":254}},{"start":{"line":16,"column":200},"end":{"line":16,"column":254}}],"line":16},"9":{"loc":{"start":{"line":18,"column":62},"end":{"line":18,"column":131}},"type":"if","locations":[{"start":{"line":18,"column":62},"end":{"line":18,"column":131}},{"start":{"line":18,"column":62},"end":{"line":18,"column":131}}],"line":18},"10":{"loc":{"start":{"line":18,"column":132},"end":{"line":18,"column":193}},"type":"if","locations":[{"start":{"line":18,"column":132},"end":{"line":18,"column":193}},{"start":{"line":18,"column":132},"end":{"line":18,"column":193}}],"line":18},"11":{"loc":{"start":{"line":26,"column":4},"end":{"line":26,"column":112}},"type":"if","locations":[{"start":{"line":26,"column":4},"end":{"line":26,"column":112}},{"start":{"line":26,"column":4},"end":{"line":26,"column":112}}],"line":26},"12":{"loc":{"start":{"line":26,"column":8},"end":{"line":26,"column":33}},"type":"binary-expr","locations":[{"start":{"line":26,"column":8},"end":{"line":26,"column":18}},{"start":{"line":26,"column":22},"end":{"line":26,"column":33}}],"line":26},"13":{"loc":{"start":{"line":41,"column":17},"end":{"line":41,"column":47}},"type":"cond-expr","locations":[{"start":{"line":41,"column":24},"end":{"line":41,"column":40}},{"start":{"line":41,"column":43},"end":{"line":41,"column":47}}],"line":41},"14":{"loc":{"start":{"line":63,"column":13},"end":{"line":63,"column":66}},"type":"binary-expr","locations":[{"start":{"line":63,"column":13},"end":{"line":63,"column":19}},{"start":{"line":63,"column":23},"end":{"line":63,"column":29}},{"start":{"line":63,"column":33},"end":{"line":63,"column":47}},{"start":{"line":63,"column":51},"end":{"line":63,"column":66}}],"line":63},"15":{"loc":{"start":{"line":68,"column":6},"end":{"line":68,"column":49}},"type":"if","locations":[{"start":{"line":68,"column":6},"end":{"line":68,"column":49}},{"start":{"line":68,"column":6},"end":{"line":68,"column":49}}],"line":68},"16":{"loc":{"start":{"line":77,"column":6},"end":{"line":77,"column":39}},"type":"if","locations":[{"start":{"line":77,"column":6},"end":{"line":77,"column":39}},{"start":{"line":77,"column":6},"end":{"line":77,"column":39}}],"line":77},"17":{"loc":{"start":{"line":90,"column":8},"end":{"line":92,"column":9}},"type":"if","locations":[{"start":{"line":90,"column":8},"end":{"line":92,"column":9}},{"start":{"line":90,"column":8},"end":{"line":92,"column":9}}],"line":90},"18":{"loc":{"start":{"line":136,"column":6},"end":{"line":136,"column":104}},"type":"if","locations":[{"start":{"line":136,"column":6},"end":{"line":136,"column":104}},{"start":{"line":136,"column":6},"end":{"line":136,"column":104}}],"line":136},"19":{"loc":{"start":{"line":181,"column":18},"end":{"line":181,"column":88}},"type":"cond-expr","locations":[{"start":{"line":181,"column":71},"end":{"line":181,"column":83}},{"start":{"line":181,"column":86},"end":{"line":181,"column":88}}],"line":181},"20":{"loc":{"start":{"line":181,"column":18},"end":{"line":181,"column":68}},"type":"binary-expr","locations":[{"start":{"line":181,"column":18},"end":{"line":181,"column":38}},{"start":{"line":181,"column":42},"end":{"line":181,"column":68}}],"line":181},"21":{"loc":{"start":{"line":208,"column":6},"end":{"line":208,"column":45}},"type":"if","locations":[{"start":{"line":208,"column":6},"end":{"line":208,"column":45}},{"start":{"line":208,"column":6},"end":{"line":208,"column":45}}],"line":208},"22":{"loc":{"start":{"line":211,"column":8},"end":{"line":213,"column":9}},"type":"if","locations":[{"start":{"line":211,"column":8},"end":{"line":213,"column":9}},{"start":{"line":211,"column":8},"end":{"line":213,"column":9}}],"line":211},"23":{"loc":{"start":{"line":221,"column":6},"end":{"line":221,"column":45}},"type":"if","locations":[{"start":{"line":221,"column":6},"end":{"line":221,"column":45}},{"start":{"line":221,"column":6},"end":{"line":221,"column":45}}],"line":221},"24":{"loc":{"start":{"line":224,"column":8},"end":{"line":226,"column":9}},"type":"if","locations":[{"start":{"line":224,"column":8},"end":{"line":226,"column":9}},{"start":{"line":224,"column":8},"end":{"line":226,"column":9}}],"line":224}},"s":{"0":1,"1":1,"2":1,"3":1,"4":1,"5":0,"6":0,"7":0,"8":0,"9":0,"10":0,"11":0,"12":0,"13":0,"14":0,"15":0,"16":0,"17":0,"18":0,"19":0,"20":26,"21":0,"22":4,"23":22,"24":22,"25":22,"26":22,"27":22,"28":22,"29":2,"30":2,"31":2,"32":2,"33":2,"34":1,"35":17,"36":17,"37":3,"38":14,"39":14,"40":14,"41":103,"42":1,"43":0,"44":0,"45":234,"46":0,"47":0,"48":0,"49":288,"50":180,"51":2,"52":178,"53":178,"54":14,"55":2,"56":12,"57":12,"58":12,"59":22,"60":22,"61":67,"62":38,"63":29,"64":7,"65":7,"66":18,"67":3,"68":3,"69":3,"70":14,"71":3,"72":0,"73":0,"74":0,"75":0,"76":0,"77":0,"78":0,"79":0,"80":0,"81":1,"82":1,"83":1,"84":9,"85":9,"86":9,"87":1,"88":0,"89":0,"90":0,"91":0,"92":9,"93":9,"94":9,"95":9,"96":9,"97":0,"98":0,"99":0,"100":0,"101":0,"102":0,"103":62,"104":62,"105":0,"106":62,"107":62,"108":34,"109":31,"110":31,"111":0,"112":31,"113":31,"114":12,"115":6,"116":6,"117":6,"118":99,"119":0,"120":0,"121":0,"122":0,"123":0,"124":0,"125":0,"126":0,"127":1,"128":1},"f":{"0":1,"1":0,"2":0,"3":26,"4":4,"5":2,"6":1,"7":17,"8":103,"9":0,"10":0,"11":234,"12":0,"13":288,"14":180,"15":14,"16":22,"17":67,"18":7,"19":18,"20":3,"21":14,"22":0,"23":0,"24":1,"25":9,"26":0,"27":9,"28":9,"29":0,"30":0,"31":0,"32":62,"33":62,"34":31,"35":31,"36":6,"37":6,"38":99,"39":0,"40":0},"b":{"0":[1,0],"1":[1,1],"2":[0,0],"3":[0,0],"4":[0,0],"5":[0,0],"6":[0,26],"7":[22,22],"8":[22,0],"9":[2,0],"10":[2,0],"11":[3,14],"12":[17,15],"13":[0,0],"14":[288,282,281,259],"15":[2,178],"16":[2,12],"17":[38,29],"18":[0,0],"19":[9,0],"20":[9,9],"21":[0,62],"22":[34,28],"23":[0,31],"24":[12,19]},"_coverageSchema":"332fd63041d2c1bcb487cc26dd0d5f7d97098a6c","hash":"584c71febdc8529b82f5b2f4b508b744118403be","contentHash":"09e4ed87d745b4ad507b5c17ad858cb5_11.3.0"},"/Users/alex/projects/js-rpg/src/shared/tiles.js":{"path":"/Users/alex/projects/js-rpg/src/shared/tiles.js","statementMap":{"0":{"start":{"line":3,"column":0},"end":{"line":5,"column":3}},"1":{"start":{"line":6,"column":0},"end":{"line":6,"column":95}},"2":{"start":{"line":7,"column":12},"end":{"line":7,"column":13}},"3":{"start":{"line":8,"column":0},"end":{"line":8,"column":22}},"4":{"start":{"line":9,"column":12},"end":{"line":9,"column":13}},"5":{"start":{"line":10,"column":0},"end":{"line":10,"column":22}},"6":{"start":{"line":11,"column":12},"end":{"line":11,"column":13}},"7":{"start":{"line":12,"column":0},"end":{"line":12,"column":22}},"8":{"start":{"line":13,"column":15},"end":{"line":13,"column":16}},"9":{"start":{"line":14,"column":0},"end":{"line":14,"column":28}},"10":{"start":{"line":15,"column":17},"end":{"line":15,"column":18}},"11":{"start":{"line":16,"column":0},"end":{"line":16,"column":32}}},"fnMap":{},"branchMap":{},"s":{"0":1,"1":1,"2":1,"3":1,"4":1,"5":1,"6":1,"7":1,"8":1,"9":1,"10":1,"11":1},"f":{},"b":{},"_coverageSchema":"332fd63041d2c1bcb487cc26dd0d5f7d97098a6c","hash":"bafe37858993d424760f2adce8860b8fb5b1b14d","contentHash":"51cb23ef3fd43ce937488f5ebd2b2ea9_11.3.0"},"/Users/alex/projects/js-rpg/src/shared/Dungeon.js":{"path":"/Users/alex/projects/js-rpg/src/shared/Dungeon.js","statementMap":{"0":{"start":{"line":3,"column":0},"end":{"line":5,"column":3}},"1":{"start":{"line":6,"column":0},"end":{"line":6,"column":25}},"2":{"start":{"line":8,"column":13},"end":{"line":8,"column":55}},"3":{"start":{"line":10,"column":21},"end":{"line":10,"column":71}},"4":{"start":{"line":12,"column":21},"end":{"line":12,"column":71}},"5":{"start":{"line":14,"column":14},"end":{"line":14,"column":33}},"6":{"start":{"line":16,"column":39},"end":{"line":16,"column":93}},"7":{"start":{"line":18,"column":40},"end":{"line":18,"column":267}},"8":{"start":{"line":18,"column":69},"end":{"line":18,"column":80}},"9":{"start":{"line":18,"column":103},"end":{"line":18,"column":105}},"10":{"start":{"line":18,"column":107},"end":{"line":18,"column":228}},"11":{"start":{"line":18,"column":126},"end":{"line":18,"column":226}},"12":{"start":{"line":18,"column":149},"end":{"line":18,"column":224}},"13":{"start":{"line":18,"column":201},"end":{"line":18,"column":224}},"14":{"start":{"line":18,"column":229},"end":{"line":18,"column":250}},"15":{"start":{"line":18,"column":251},"end":{"line":18,"column":265}},"16":{"start":{"line":20,"column":24},"end":{"line":20,"column":328}},"17":{"start":{"line":20,"column":99},"end":{"line":20,"column":154}},"18":{"start":{"line":20,"column":133},"end":{"line":20,"column":151}},"19":{"start":{"line":20,"column":164},"end":{"line":20,"column":326}},"20":{"start":{"line":20,"column":198},"end":{"line":20,"column":323}},"21":{"start":{"line":20,"column":329},"end":{"line":20,"column":349}},"22":{"start":{"line":22,"column":22},"end":{"line":22,"column":275}},"23":{"start":{"line":22,"column":70},"end":{"line":22,"column":257}},"24":{"start":{"line":22,"column":128},"end":{"line":22,"column":140}},"25":{"start":{"line":22,"column":142},"end":{"line":22,"column":255}},"26":{"start":{"line":22,"column":168},"end":{"line":22,"column":253}},"27":{"start":{"line":22,"column":225},"end":{"line":22,"column":251}},"28":{"start":{"line":22,"column":258},"end":{"line":22,"column":272}},"29":{"start":{"line":22,"column":276},"end":{"line":22,"column":315}},"30":{"start":{"line":24,"column":50},"end":{"line":24,"column":151}},"31":{"start":{"line":24,"column":92},"end":{"line":24,"column":149}},"32":{"start":{"line":26,"column":44},"end":{"line":26,"column":315}},"33":{"start":{"line":26,"column":102},"end":{"line":26,"column":110}},"34":{"start":{"line":26,"column":112},"end":{"line":26,"column":167}},"35":{"start":{"line":26,"column":168},"end":{"line":26,"column":199}},"36":{"start":{"line":26,"column":200},"end":{"line":26,"column":254}},"37":{"start":{"line":26,"column":227},"end":{"line":26,"column":254}},"38":{"start":{"line":26,"column":255},"end":{"line":26,"column":313}},"39":{"start":{"line":28,"column":62},"end":{"line":28,"column":131}},"40":{"start":{"line":28,"column":78},"end":{"line":28,"column":131}},"41":{"start":{"line":28,"column":132},"end":{"line":28,"column":193}},"42":{"start":{"line":28,"column":149},"end":{"line":28,"column":193}},"43":{"start":{"line":28,"column":194},"end":{"line":28,"column":213}},"44":{"start":{"line":30,"column":50},"end":{"line":30,"column":138}},"45":{"start":{"line":30,"column":124},"end":{"line":30,"column":136}},"46":{"start":{"line":30,"column":139},"end":{"line":30,"column":240}},"47":{"start":{"line":30,"column":152},"end":{"line":30,"column":238}},"48":{"start":{"line":30,"column":241},"end":{"line":30,"column":253}},"49":{"start":{"line":32,"column":43},"end":{"line":32,"column":182}},"50":{"start":{"line":32,"column":106},"end":{"line":32,"column":180}},"51":{"start":{"line":32,"column":183},"end":{"line":32,"column":347}},"52":{"start":{"line":32,"column":348},"end":{"line":32,"column":466}},"53":{"start":{"line":32,"column":364},"end":{"line":32,"column":466}},"54":{"start":{"line":36,"column":0},"end":{"line":135,"column":17}},"55":{"start":{"line":37,"column":2},"end":{"line":37,"column":28}},"56":{"start":{"line":42,"column":16},"end":{"line":42,"column":26}},"57":{"start":{"line":43,"column":17},"end":{"line":43,"column":28}},"58":{"start":{"line":44,"column":15},"end":{"line":44,"column":24}},"59":{"start":{"line":46,"column":4},"end":{"line":46,"column":35}},"60":{"start":{"line":48,"column":4},"end":{"line":48,"column":132}},"61":{"start":{"line":49,"column":4},"end":{"line":49,"column":22}},"62":{"start":{"line":50,"column":4},"end":{"line":50,"column":40}},"63":{"start":{"line":51,"column":4},"end":{"line":51,"column":17}},"64":{"start":{"line":54,"column":2},"end":{"line":132,"column":6}},"65":{"start":{"line":57,"column":18},"end":{"line":57,"column":28}},"66":{"start":{"line":58,"column":19},"end":{"line":58,"column":30}},"67":{"start":{"line":59,"column":17},"end":{"line":59,"column":26}},"68":{"start":{"line":60,"column":29},"end":{"line":60,"column":50}},"69":{"start":{"line":61,"column":6},"end":{"line":68,"column":8}},"70":{"start":{"line":73,"column":20},"end":{"line":76,"column":7}},"71":{"start":{"line":77,"column":6},"end":{"line":77,"column":52}},"72":{"start":{"line":82,"column":19},"end":{"line":82,"column":23}},"73":{"start":{"line":84,"column":30},"end":{"line":84,"column":51}},"74":{"start":{"line":85,"column":24},"end":{"line":85,"column":53}},"75":{"start":{"line":86,"column":24},"end":{"line":86,"column":53}},"76":{"start":{"line":87,"column":6},"end":{"line":97,"column":9}},"77":{"start":{"line":88,"column":8},"end":{"line":90,"column":9}},"78":{"start":{"line":89,"column":10},"end":{"line":89,"column":52}},"79":{"start":{"line":92,"column":8},"end":{"line":94,"column":9}},"80":{"start":{"line":93,"column":10},"end":{"line":93,"column":51}},"81":{"start":{"line":96,"column":8},"end":{"line":96,"column":22}},"82":{"start":{"line":102,"column":26},"end":{"line":102,"column":71}},"83":{"start":{"line":103,"column":6},"end":{"line":103,"column":64}},"84":{"start":{"line":108,"column":26},"end":{"line":108,"column":71}},"85":{"start":{"line":109,"column":6},"end":{"line":109,"column":64}},"86":{"start":{"line":114,"column":19},"end":{"line":114,"column":23}},"87":{"start":{"line":116,"column":6},"end":{"line":121,"column":9}},"88":{"start":{"line":117,"column":8},"end":{"line":117,"column":33}},"89":{"start":{"line":118,"column":8},"end":{"line":118,"column":18}},"90":{"start":{"line":120,"column":8},"end":{"line":120,"column":83}},"91":{"start":{"line":120,"column":37},"end":{"line":120,"column":83}},"92":{"start":{"line":126,"column":24},"end":{"line":126,"column":41}},"93":{"start":{"line":127,"column":29},"end":{"line":127,"column":51}},"94":{"start":{"line":128,"column":14},"end":{"line":128,"column":38}},"95":{"start":{"line":129,"column":6},"end":{"line":129,"column":46}},"96":{"start":{"line":130,"column":6},"end":{"line":130,"column":15}},"97":{"start":{"line":134,"column":2},"end":{"line":134,"column":17}},"98":{"start":{"line":137,"column":0},"end":{"line":137,"column":26}}},"fnMap":{"0":{"name":"_interopRequireDefault","decl":{"start":{"line":16,"column":9},"end":{"line":16,"column":31}},"loc":{"start":{"line":16,"column":37},"end":{"line":16,"column":95}},"line":16},"1":{"name":"_interopRequireWildcard","decl":{"start":{"line":18,"column":9},"end":{"line":18,"column":32}},"loc":{"start":{"line":18,"column":38},"end":{"line":18,"column":269}},"line":18},"2":{"name":"_typeof","decl":{"start":{"line":20,"column":9},"end":{"line":20,"column":16}},"loc":{"start":{"line":20,"column":22},"end":{"line":20,"column":351}},"line":20},"3":{"name":"_typeof","decl":{"start":{"line":20,"column":118},"end":{"line":20,"column":125}},"loc":{"start":{"line":20,"column":131},"end":{"line":20,"column":153}},"line":20},"4":{"name":"_typeof","decl":{"start":{"line":20,"column":183},"end":{"line":20,"column":190}},"loc":{"start":{"line":20,"column":196},"end":{"line":20,"column":325}},"line":20},"5":{"name":"_extends","decl":{"start":{"line":22,"column":9},"end":{"line":22,"column":17}},"loc":{"start":{"line":22,"column":20},"end":{"line":22,"column":317}},"line":22},"6":{"name":"(anonymous_6)","decl":{"start":{"line":22,"column":50},"end":{"line":22,"column":51}},"loc":{"start":{"line":22,"column":68},"end":{"line":22,"column":274}},"line":22},"7":{"name":"_classCallCheck","decl":{"start":{"line":24,"column":9},"end":{"line":24,"column":24}},"loc":{"start":{"line":24,"column":48},"end":{"line":24,"column":153}},"line":24},"8":{"name":"_defineProperties","decl":{"start":{"line":26,"column":9},"end":{"line":26,"column":26}},"loc":{"start":{"line":26,"column":42},"end":{"line":26,"column":317}},"line":26},"9":{"name":"_createClass","decl":{"start":{"line":28,"column":9},"end":{"line":28,"column":21}},"loc":{"start":{"line":28,"column":60},"end":{"line":28,"column":215}},"line":28},"10":{"name":"_possibleConstructorReturn","decl":{"start":{"line":30,"column":9},"end":{"line":30,"column":35}},"loc":{"start":{"line":30,"column":48},"end":{"line":30,"column":255}},"line":30},"11":{"name":"_inherits","decl":{"start":{"line":32,"column":9},"end":{"line":32,"column":18}},"loc":{"start":{"line":32,"column":41},"end":{"line":32,"column":468}},"line":32},"12":{"name":"(anonymous_12)","decl":{"start":{"line":36,"column":0},"end":{"line":36,"column":1}},"loc":{"start":{"line":36,"column":17},"end":{"line":135,"column":1}},"line":36},"13":{"name":"Dungeon","decl":{"start":{"line":39,"column":11},"end":{"line":39,"column":18}},"loc":{"start":{"line":39,"column":25},"end":{"line":52,"column":3}},"line":39},"14":{"name":"serialize","decl":{"start":{"line":56,"column":20},"end":{"line":56,"column":29}},"loc":{"start":{"line":56,"column":32},"end":{"line":69,"column":5}},"line":56},"15":{"name":"setGeneratorOptions","decl":{"start":{"line":72,"column":20},"end":{"line":72,"column":39}},"loc":{"start":{"line":72,"column":42},"end":{"line":78,"column":5}},"line":72},"16":{"name":"generate","decl":{"start":{"line":81,"column":20},"end":{"line":81,"column":28}},"loc":{"start":{"line":81,"column":31},"end":{"line":98,"column":5}},"line":81},"17":{"name":"(anonymous_17)","decl":{"start":{"line":87,"column":55},"end":{"line":87,"column":56}},"loc":{"start":{"line":87,"column":67},"end":{"line":91,"column":7}},"line":87},"18":{"name":"(anonymous_18)","decl":{"start":{"line":91,"column":14},"end":{"line":91,"column":15}},"loc":{"start":{"line":91,"column":26},"end":{"line":95,"column":7}},"line":91},"19":{"name":"(anonymous_19)","decl":{"start":{"line":95,"column":14},"end":{"line":95,"column":15}},"loc":{"start":{"line":95,"column":26},"end":{"line":97,"column":7}},"line":95},"20":{"name":"_generateRooms","decl":{"start":{"line":101,"column":20},"end":{"line":101,"column":34}},"loc":{"start":{"line":101,"column":48},"end":{"line":104,"column":5}},"line":101},"21":{"name":"_generateMaze","decl":{"start":{"line":107,"column":20},"end":{"line":107,"column":33}},"loc":{"start":{"line":107,"column":47},"end":{"line":110,"column":5}},"line":107},"22":{"name":"_generateStep","decl":{"start":{"line":113,"column":20},"end":{"line":113,"column":33}},"loc":{"start":{"line":113,"column":52},"end":{"line":122,"column":5}},"line":113},"23":{"name":"(anonymous_23)","decl":{"start":{"line":116,"column":25},"end":{"line":116,"column":26}},"loc":{"start":{"line":116,"column":44},"end":{"line":119,"column":7}},"line":116},"24":{"name":"(anonymous_24)","decl":{"start":{"line":119,"column":14},"end":{"line":119,"column":15}},"loc":{"start":{"line":119,"column":26},"end":{"line":121,"column":7}},"line":119},"25":{"name":"deserialize","decl":{"start":{"line":125,"column":20},"end":{"line":125,"column":31}},"loc":{"start":{"line":125,"column":39},"end":{"line":131,"column":5}},"line":125}},"branchMap":{"0":{"loc":{"start":{"line":16,"column":46},"end":{"line":16,"column":92}},"type":"cond-expr","locations":[{"start":{"line":16,"column":70},"end":{"line":16,"column":73}},{"start":{"line":16,"column":76},"end":{"line":16,"column":92}}],"line":16},"1":{"loc":{"start":{"line":16,"column":46},"end":{"line":16,"column":67}},"type":"binary-expr","locations":[{"start":{"line":16,"column":46},"end":{"line":16,"column":49}},{"start":{"line":16,"column":53},"end":{"line":16,"column":67}}],"line":16},"2":{"loc":{"start":{"line":18,"column":40},"end":{"line":18,"column":267}},"type":"if","locations":[{"start":{"line":18,"column":40},"end":{"line":18,"column":267}},{"start":{"line":18,"column":40},"end":{"line":18,"column":267}}],"line":18},"3":{"loc":{"start":{"line":18,"column":44},"end":{"line":18,"column":65}},"type":"binary-expr","locations":[{"start":{"line":18,"column":44},"end":{"line":18,"column":47}},{"start":{"line":18,"column":51},"end":{"line":18,"column":65}}],"line":18},"4":{"loc":{"start":{"line":18,"column":107},"end":{"line":18,"column":228}},"type":"if","locations":[{"start":{"line":18,"column":107},"end":{"line":18,"column":228}},{"start":{"line":18,"column":107},"end":{"line":18,"column":228}}],"line":18},"5":{"loc":{"start":{"line":18,"column":149},"end":{"line":18,"column":224}},"type":"if","locations":[{"start":{"line":18,"column":149},"end":{"line":18,"column":224}},{"start":{"line":18,"column":149},"end":{"line":18,"column":224}}],"line":18},"6":{"loc":{"start":{"line":20,"column":24},"end":{"line":20,"column":328}},"type":"if","locations":[{"start":{"line":20,"column":24},"end":{"line":20,"column":328}},{"start":{"line":20,"column":24},"end":{"line":20,"column":328}}],"line":20},"7":{"loc":{"start":{"line":20,"column":28},"end":{"line":20,"column":95}},"type":"binary-expr","locations":[{"start":{"line":20,"column":28},"end":{"line":20,"column":56}},{"start":{"line":20,"column":60},"end":{"line":20,"column":95}}],"line":20},"8":{"loc":{"start":{"line":20,"column":205},"end":{"line":20,"column":322}},"type":"cond-expr","locations":[{"start":{"line":20,"column":301},"end":{"line":20,"column":309}},{"start":{"line":20,"column":312},"end":{"line":20,"column":322}}],"line":20},"9":{"loc":{"start":{"line":20,"column":205},"end":{"line":20,"column":298}},"type":"binary-expr","locations":[{"start":{"line":20,"column":205},"end":{"line":20,"column":208}},{"start":{"line":20,"column":212},"end":{"line":20,"column":240}},{"start":{"line":20,"column":244},"end":{"line":20,"column":270}},{"start":{"line":20,"column":274},"end":{"line":20,"column":298}}],"line":20},"10":{"loc":{"start":{"line":22,"column":33},"end":{"line":22,"column":274}},"type":"binary-expr","locations":[{"start":{"line":22,"column":33},"end":{"line":22,"column":46}},{"start":{"line":22,"column":50},"end":{"line":22,"column":274}}],"line":22},"11":{"loc":{"start":{"line":22,"column":168},"end":{"line":22,"column":253}},"type":"if","locations":[{"start":{"line":22,"column":168},"end":{"line":22,"column":253}},{"start":{"line":22,"column":168},"end":{"line":22,"column":253}}],"line":22},"12":{"loc":{"start":{"line":24,"column":50},"end":{"line":24,"column":151}},"type":"if","locations":[{"start":{"line":24,"column":50},"end":{"line":24,"column":151}},{"start":{"line":24,"column":50},"end":{"line":24,"column":151}}],"line":24},"13":{"loc":{"start":{"line":26,"column":136},"end":{"line":26,"column":166}},"type":"binary-expr","locations":[{"start":{"line":26,"column":136},"end":{"line":26,"column":157}},{"start":{"line":26,"column":161},"end":{"line":26,"column":166}}],"line":26},"14":{"loc":{"start":{"line":26,"column":200},"end":{"line":26,"column":254}},"type":"if","locations":[{"start":{"line":26,"column":200},"end":{"line":26,"column":254}},{"start":{"line":26,"column":200},"end":{"line":26,"column":254}}],"line":26},"15":{"loc":{"start":{"line":28,"column":62},"end":{"line":28,"column":131}},"type":"if","locations":[{"start":{"line":28,"column":62},"end":{"line":28,"column":131}},{"start":{"line":28,"column":62},"end":{"line":28,"column":131}}],"line":28},"16":{"loc":{"start":{"line":28,"column":132},"end":{"line":28,"column":193}},"type":"if","locations":[{"start":{"line":28,"column":132},"end":{"line":28,"column":193}},{"start":{"line":28,"column":132},"end":{"line":28,"column":193}}],"line":28},"17":{"loc":{"start":{"line":30,"column":50},"end":{"line":30,"column":138}},"type":"if","locations":[{"start":{"line":30,"column":50},"end":{"line":30,"column":138}},{"start":{"line":30,"column":50},"end":{"line":30,"column":138}}],"line":30},"18":{"loc":{"start":{"line":30,"column":54},"end":{"line":30,"column":120}},"type":"binary-expr","locations":[{"start":{"line":30,"column":54},"end":{"line":30,"column":58}},{"start":{"line":30,"column":63},"end":{"line":30,"column":89}},{"start":{"line":30,"column":93},"end":{"line":30,"column":119}}],"line":30},"19":{"loc":{"start":{"line":30,"column":139},"end":{"line":30,"column":240}},"type":"if","locations":[{"start":{"line":30,"column":139},"end":{"line":30,"column":240}},{"start":{"line":30,"column":139},"end":{"line":30,"column":240}}],"line":30},"20":{"loc":{"start":{"line":32,"column":43},"end":{"line":32,"column":182}},"type":"if","locations":[{"start":{"line":32,"column":43},"end":{"line":32,"column":182}},{"start":{"line":32,"column":43},"end":{"line":32,"column":182}}],"line":32},"21":{"loc":{"start":{"line":32,"column":47},"end":{"line":32,"column":102}},"type":"binary-expr","locations":[{"start":{"line":32,"column":47},"end":{"line":32,"column":79}},{"start":{"line":32,"column":83},"end":{"line":32,"column":102}}],"line":32},"22":{"loc":{"start":{"line":32,"column":218},"end":{"line":32,"column":252}},"type":"binary-expr","locations":[{"start":{"line":32,"column":218},"end":{"line":32,"column":228}},{"start":{"line":32,"column":232},"end":{"line":32,"column":252}}],"line":32},"23":{"loc":{"start":{"line":32,"column":348},"end":{"line":32,"column":466}},"type":"if","locations":[{"start":{"line":32,"column":348},"end":{"line":32,"column":466}},{"start":{"line":32,"column":348},"end":{"line":32,"column":466}}],"line":32},"24":{"loc":{"start":{"line":32,"column":364},"end":{"line":32,"column":465}},"type":"cond-expr","locations":[{"start":{"line":32,"column":388},"end":{"line":32,"column":431}},{"start":{"line":32,"column":434},"end":{"line":32,"column":465}}],"line":32},"25":{"loc":{"start":{"line":48,"column":46},"end":{"line":48,"column":97}},"type":"binary-expr","locations":[{"start":{"line":48,"column":46},"end":{"line":48,"column":63}},{"start":{"line":48,"column":67},"end":{"line":48,"column":97}}],"line":48},"26":{"loc":{"start":{"line":73,"column":20},"end":{"line":76,"column":7}},"type":"cond-expr","locations":[{"start":{"line":73,"column":73},"end":{"line":73,"column":85}},{"start":{"line":73,"column":88},"end":{"line":76,"column":7}}],"line":73},"27":{"loc":{"start":{"line":73,"column":20},"end":{"line":73,"column":70}},"type":"binary-expr","locations":[{"start":{"line":73,"column":20},"end":{"line":73,"column":40}},{"start":{"line":73,"column":44},"end":{"line":73,"column":70}}],"line":73},"28":{"loc":{"start":{"line":88,"column":8},"end":{"line":90,"column":9}},"type":"if","locations":[{"start":{"line":88,"column":8},"end":{"line":90,"column":9}},{"start":{"line":88,"column":8},"end":{"line":90,"column":9}}],"line":88},"29":{"loc":{"start":{"line":92,"column":8},"end":{"line":94,"column":9}},"type":"if","locations":[{"start":{"line":92,"column":8},"end":{"line":94,"column":9}},{"start":{"line":92,"column":8},"end":{"line":94,"column":9}}],"line":92},"30":{"loc":{"start":{"line":120,"column":8},"end":{"line":120,"column":83}},"type":"if","locations":[{"start":{"line":120,"column":8},"end":{"line":120,"column":83}},{"start":{"line":120,"column":8},"end":{"line":120,"column":83}}],"line":120}},"s":{"0":1,"1":1,"2":1,"3":1,"4":1,"5":1,"6":2,"7":1,"8":1,"9":0,"10":0,"11":0,"12":0,"13":0,"14":0,"15":0,"16":0,"17":0,"18":0,"19":0,"20":0,"21":0,"22":0,"23":0,"24":0,"25":0,"26":0,"27":0,"28":0,"29":0,"30":2,"31":0,"32":2,"33":7,"34":7,"35":7,"36":7,"37":7,"38":7,"39":1,"40":1,"41":1,"42":1,"43":1,"44":2,"45":0,"46":2,"47":0,"48":2,"49":1,"50":0,"51":1,"52":1,"53":1,"54":1,"55":1,"56":2,"57":2,"58":2,"59":2,"60":2,"61":2,"62":2,"63":2,"64":1,"65":0,"66":0,"67":0,"68":0,"69":0,"70":0,"71":0,"72":0,"73":0,"74":0,"75":0,"76":0,"77":0,"78":0,"79":0,"80":0,"81":0,"82":0,"83":0,"84":0,"85":0,"86":0,"87":0,"88":0,"89":0,"90":0,"91":0,"92":0,"93":0,"94":0,"95":0,"96":0,"97":1,"98":1},"f":{"0":2,"1":1,"2":0,"3":0,"4":0,"5":0,"6":0,"7":2,"8":2,"9":1,"10":2,"11":1,"12":1,"13":2,"14":0,"15":0,"16":0,"17":0,"18":0,"19":0,"20":0,"21":0,"22":0,"23":0,"24":0,"25":0},"b":{"0":[2,0],"1":[2,2],"2":[1,0],"3":[1,1],"4":[0,0],"5":[0,0],"6":[0,0],"7":[0,0],"8":[0,0],"9":[0,0,0,0],"10":[0,0],"11":[0,0],"12":[0,2],"13":[7,7],"14":[7,0],"15":[1,0],"16":[1,0],"17":[0,2],"18":[2,0,0],"19":[0,2],"20":[0,1],"21":[1,0],"22":[1,1],"23":[1,0],"24":[1,0],"25":[2,0],"26":[0,0],"27":[0,0],"28":[0,0],"29":[0,0],"30":[0,0]},"_coverageSchema":"332fd63041d2c1bcb487cc26dd0d5f7d97098a6c","hash":"b5e3205348dbd4907498ac9061d6bcbc6fdcd670","contentHash":"0d3daab832ecb8036ac10eca7b8b1075_11.3.0"},"/Users/alex/projects/js-rpg/src/shared/RoomGenerator.js":{"path":"/Users/alex/projects/js-rpg/src/shared/RoomGenerator.js","statementMap":{"0":{"start":{"line":3,"column":0},"end":{"line":5,"column":3}},"1":{"start":{"line":6,"column":0},"end":{"line":6,"column":25}},"2":{"start":{"line":8,"column":14},"end":{"line":8,"column":33}},"3":{"start":{"line":10,"column":18},"end":{"line":10,"column":64}},"4":{"start":{"line":12,"column":12},"end":{"line":12,"column":29}},"5":{"start":{"line":14,"column":39},"end":{"line":14,"column":93}},"6":{"start":{"line":16,"column":24},"end":{"line":16,"column":328}},"7":{"start":{"line":16,"column":99},"end":{"line":16,"column":154}},"8":{"start":{"line":16,"column":133},"end":{"line":16,"column":151}},"9":{"start":{"line":16,"column":164},"end":{"line":16,"column":326}},"10":{"start":{"line":16,"column":198},"end":{"line":16,"column":323}},"11":{"start":{"line":16,"column":329},"end":{"line":16,"column":349}},"12":{"start":{"line":18,"column":22},"end":{"line":18,"column":275}},"13":{"start":{"line":18,"column":70},"end":{"line":18,"column":257}},"14":{"start":{"line":18,"column":128},"end":{"line":18,"column":140}},"15":{"start":{"line":18,"column":142},"end":{"line":18,"column":255}},"16":{"start":{"line":18,"column":168},"end":{"line":18,"column":253}},"17":{"start":{"line":18,"column":225},"end":{"line":18,"column":251}},"18":{"start":{"line":18,"column":258},"end":{"line":18,"column":272}},"19":{"start":{"line":18,"column":276},"end":{"line":18,"column":315}},"20":{"start":{"line":20,"column":50},"end":{"line":20,"column":151}},"21":{"start":{"line":20,"column":92},"end":{"line":20,"column":149}},"22":{"start":{"line":22,"column":44},"end":{"line":22,"column":315}},"23":{"start":{"line":22,"column":102},"end":{"line":22,"column":110}},"24":{"start":{"line":22,"column":112},"end":{"line":22,"column":167}},"25":{"start":{"line":22,"column":168},"end":{"line":22,"column":199}},"26":{"start":{"line":22,"column":200},"end":{"line":22,"column":254}},"27":{"start":{"line":22,"column":227},"end":{"line":22,"column":254}},"28":{"start":{"line":22,"column":255},"end":{"line":22,"column":313}},"29":{"start":{"line":24,"column":62},"end":{"line":24,"column":131}},"30":{"start":{"line":24,"column":78},"end":{"line":24,"column":131}},"31":{"start":{"line":24,"column":132},"end":{"line":24,"column":193}},"32":{"start":{"line":24,"column":149},"end":{"line":24,"column":193}},"33":{"start":{"line":24,"column":194},"end":{"line":24,"column":213}},"34":{"start":{"line":26,"column":50},"end":{"line":26,"column":138}},"35":{"start":{"line":26,"column":124},"end":{"line":26,"column":136}},"36":{"start":{"line":26,"column":139},"end":{"line":26,"column":240}},"37":{"start":{"line":26,"column":152},"end":{"line":26,"column":238}},"38":{"start":{"line":26,"column":241},"end":{"line":26,"column":253}},"39":{"start":{"line":28,"column":43},"end":{"line":28,"column":182}},"40":{"start":{"line":28,"column":106},"end":{"line":28,"column":180}},"41":{"start":{"line":28,"column":183},"end":{"line":28,"column":347}},"42":{"start":{"line":28,"column":348},"end":{"line":28,"column":466}},"43":{"start":{"line":28,"column":364},"end":{"line":28,"column":466}},"44":{"start":{"line":32,"column":0},"end":{"line":163,"column":22}},"45":{"start":{"line":33,"column":2},"end":{"line":33,"column":39}},"46":{"start":{"line":38,"column":22},"end":{"line":38,"column":38}},"47":{"start":{"line":39,"column":27},"end":{"line":39,"column":43}},"48":{"start":{"line":40,"column":22},"end":{"line":40,"column":72}},"49":{"start":{"line":41,"column":27},"end":{"line":41,"column":43}},"50":{"start":{"line":42,"column":22},"end":{"line":42,"column":72}},"51":{"start":{"line":44,"column":4},"end":{"line":44,"column":41}},"52":{"start":{"line":46,"column":4},"end":{"line":46,"column":132}},"53":{"start":{"line":47,"column":4},"end":{"line":47,"column":132}},"54":{"start":{"line":47,"column":60},"end":{"line":47,"column":132}},"55":{"start":{"line":48,"column":4},"end":{"line":48,"column":108}},"56":{"start":{"line":48,"column":35},"end":{"line":48,"column":108}},"57":{"start":{"line":49,"column":4},"end":{"line":49,"column":36}},"58":{"start":{"line":50,"column":4},"end":{"line":50,"column":36}},"59":{"start":{"line":51,"column":4},"end":{"line":51,"column":43}},"60":{"start":{"line":53,"column":4},"end":{"line":53,"column":18}},"61":{"start":{"line":55,"column":4},"end":{"line":55,"column":17}},"62":{"start":{"line":58,"column":2},"end":{"line":160,"column":6}},"63":{"start":{"line":61,"column":6},"end":{"line":61,"column":23}},"64":{"start":{"line":62,"column":6},"end":{"line":62,"column":22}},"65":{"start":{"line":67,"column":6},"end":{"line":67,"column":45}},"66":{"start":{"line":72,"column":6},"end":{"line":72,"column":45}},"67":{"start":{"line":77,"column":6},"end":{"line":77,"column":24}},"68":{"start":{"line":79,"column":17},"end":{"line":79,"column":71}},"69":{"start":{"line":81,"column":6},"end":{"line":95,"column":7}},"70":{"start":{"line":82,"column":8},"end":{"line":82,"column":30}},"71":{"start":{"line":84,"column":8},"end":{"line":94,"column":9}},"72":{"start":{"line":85,"column":10},"end":{"line":93,"column":11}},"73":{"start":{"line":86,"column":33},"end":{"line":86,"column":202}},"74":{"start":{"line":87,"column":23},"end":{"line":87,"column":39}},"75":{"start":{"line":88,"column":12},"end":{"line":88,"column":41}},"76":{"start":{"line":90,"column":12},"end":{"line":90,"column":36}},"77":{"start":{"line":91,"column":12},"end":{"line":91,"column":49}},"78":{"start":{"line":92,"column":12},"end":{"line":92,"column":43}},"79":{"start":{"line":97,"column":6},"end":{"line":97,"column":18}},"80":{"start":{"line":102,"column":14},"end":{"line":102,"column":92}},"81":{"start":{"line":103,"column":14},"end":{"line":103,"column":92}},"82":{"start":{"line":104,"column":14},"end":{"line":104,"column":83}},"83":{"start":{"line":105,"column":14},"end":{"line":105,"column":84}},"84":{"start":{"line":106,"column":6},"end":{"line":112,"column":8}},"85":{"start":{"line":117,"column":19},"end":{"line":117,"column":23}},"86":{"start":{"line":119,"column":20},"end":{"line":119,"column":89}},"87":{"start":{"line":120,"column":6},"end":{"line":120,"column":47}},"88":{"start":{"line":120,"column":35},"end":{"line":120,"column":47}},"89":{"start":{"line":122,"column":20},"end":{"line":124,"column":7}},"90":{"start":{"line":123,"column":8},"end":{"line":123,"column":36}},"91":{"start":{"line":126,"column":17},"end":{"line":126,"column":48}},"92":{"start":{"line":128,"column":6},"end":{"line":134,"column":9}},"93":{"start":{"line":129,"column":21},"end":{"line":129,"column":70}},"94":{"start":{"line":131,"column":20},"end":{"line":131,"column":98}},"95":{"start":{"line":132,"column":20},"end":{"line":132,"column":98}},"96":{"start":{"line":133,"column":8},"end":{"line":133,"column":30}},"97":{"start":{"line":139,"column":20},"end":{"line":139,"column":89}},"98":{"start":{"line":141,"column":19},"end":{"line":146,"column":8}},"99":{"start":{"line":148,"column":6},"end":{"line":148,"column":20}},"100":{"start":{"line":153,"column":6},"end":{"line":158,"column":8}},"101":{"start":{"line":162,"column":2},"end":{"line":162,"column":23}},"102":{"start":{"line":165,"column":0},"end":{"line":165,"column":32}}},"fnMap":{"0":{"name":"_interopRequireDefault","decl":{"start":{"line":14,"column":9},"end":{"line":14,"column":31}},"loc":{"start":{"line":14,"column":37},"end":{"line":14,"column":95}},"line":14},"1":{"name":"_typeof","decl":{"start":{"line":16,"column":9},"end":{"line":16,"column":16}},"loc":{"start":{"line":16,"column":22},"end":{"line":16,"column":351}},"line":16},"2":{"name":"_typeof","decl":{"start":{"line":16,"column":118},"end":{"line":16,"column":125}},"loc":{"start":{"line":16,"column":131},"end":{"line":16,"column":153}},"line":16},"3":{"name":"_typeof","decl":{"start":{"line":16,"column":183},"end":{"line":16,"column":190}},"loc":{"start":{"line":16,"column":196},"end":{"line":16,"column":325}},"line":16},"4":{"name":"_extends","decl":{"start":{"line":18,"column":9},"end":{"line":18,"column":17}},"loc":{"start":{"line":18,"column":20},"end":{"line":18,"column":317}},"line":18},"5":{"name":"(anonymous_5)","decl":{"start":{"line":18,"column":50},"end":{"line":18,"column":51}},"loc":{"start":{"line":18,"column":68},"end":{"line":18,"column":274}},"line":18},"6":{"name":"_classCallCheck","decl":{"start":{"line":20,"column":9},"end":{"line":20,"column":24}},"loc":{"start":{"line":20,"column":48},"end":{"line":20,"column":153}},"line":20},"7":{"name":"_defineProperties","decl":{"start":{"line":22,"column":9},"end":{"line":22,"column":26}},"loc":{"start":{"line":22,"column":42},"end":{"line":22,"column":317}},"line":22},"8":{"name":"_createClass","decl":{"start":{"line":24,"column":9},"end":{"line":24,"column":21}},"loc":{"start":{"line":24,"column":60},"end":{"line":24,"column":215}},"line":24},"9":{"name":"_possibleConstructorReturn","decl":{"start":{"line":26,"column":9},"end":{"line":26,"column":35}},"loc":{"start":{"line":26,"column":48},"end":{"line":26,"column":255}},"line":26},"10":{"name":"_inherits","decl":{"start":{"line":28,"column":9},"end":{"line":28,"column":18}},"loc":{"start":{"line":28,"column":41},"end":{"line":28,"column":468}},"line":28},"11":{"name":"(anonymous_11)","decl":{"start":{"line":32,"column":0},"end":{"line":32,"column":1}},"loc":{"start":{"line":32,"column":22},"end":{"line":163,"column":1}},"line":32},"12":{"name":"RoomGenerator","decl":{"start":{"line":35,"column":11},"end":{"line":35,"column":24}},"loc":{"start":{"line":35,"column":40},"end":{"line":56,"column":3}},"line":35},"13":{"name":"reset","decl":{"start":{"line":60,"column":20},"end":{"line":60,"column":25}},"loc":{"start":{"line":60,"column":28},"end":{"line":63,"column":5}},"line":60},"14":{"name":"percentDone","decl":{"start":{"line":66,"column":20},"end":{"line":66,"column":31}},"loc":{"start":{"line":66,"column":34},"end":{"line":68,"column":5}},"line":66},"15":{"name":"canGenerate","decl":{"start":{"line":71,"column":20},"end":{"line":71,"column":31}},"loc":{"start":{"line":71,"column":34},"end":{"line":73,"column":5}},"line":71},"16":{"name":"generateStep","decl":{"start":{"line":76,"column":20},"end":{"line":76,"column":32}},"loc":{"start":{"line":76,"column":35},"end":{"line":98,"column":5}},"line":76},"17":{"name":"_calculateNextRoom","decl":{"start":{"line":101,"column":20},"end":{"line":101,"column":38}},"loc":{"start":{"line":101,"column":45},"end":{"line":113,"column":5}},"line":101},"18":{"name":"_roomDoesntIntersectAny","decl":{"start":{"line":116,"column":20},"end":{"line":116,"column":43}},"loc":{"start":{"line":116,"column":51},"end":{"line":135,"column":5}},"line":116},"19":{"name":"inRange","decl":{"start":{"line":122,"column":29},"end":{"line":122,"column":36}},"loc":{"start":{"line":122,"column":50},"end":{"line":124,"column":7}},"line":122},"20":{"name":"(anonymous_20)","decl":{"start":{"line":128,"column":30},"end":{"line":128,"column":31}},"loc":{"start":{"line":128,"column":46},"end":{"line":134,"column":7}},"line":128},"21":{"name":"_padRoom","decl":{"start":{"line":138,"column":20},"end":{"line":138,"column":28}},"loc":{"start":{"line":138,"column":35},"end":{"line":149,"column":5}},"line":138},"22":{"name":"_rectToXYs","decl":{"start":{"line":152,"column":20},"end":{"line":152,"column":30}},"loc":{"start":{"line":152,"column":37},"end":{"line":159,"column":5}},"line":152}},"branchMap":{"0":{"loc":{"start":{"line":14,"column":46},"end":{"line":14,"column":92}},"type":"cond-expr","locations":[{"start":{"line":14,"column":70},"end":{"line":14,"column":73}},{"start":{"line":14,"column":76},"end":{"line":14,"column":92}}],"line":14},"1":{"loc":{"start":{"line":14,"column":46},"end":{"line":14,"column":67}},"type":"binary-expr","locations":[{"start":{"line":14,"column":46},"end":{"line":14,"column":49}},{"start":{"line":14,"column":53},"end":{"line":14,"column":67}}],"line":14},"2":{"loc":{"start":{"line":16,"column":24},"end":{"line":16,"column":328}},"type":"if","locations":[{"start":{"line":16,"column":24},"end":{"line":16,"column":328}},{"start":{"line":16,"column":24},"end":{"line":16,"column":328}}],"line":16},"3":{"loc":{"start":{"line":16,"column":28},"end":{"line":16,"column":95}},"type":"binary-expr","locations":[{"start":{"line":16,"column":28},"end":{"line":16,"column":56}},{"start":{"line":16,"column":60},"end":{"line":16,"column":95}}],"line":16},"4":{"loc":{"start":{"line":16,"column":205},"end":{"line":16,"column":322}},"type":"cond-expr","locations":[{"start":{"line":16,"column":301},"end":{"line":16,"column":309}},{"start":{"line":16,"column":312},"end":{"line":16,"column":322}}],"line":16},"5":{"loc":{"start":{"line":16,"column":205},"end":{"line":16,"column":298}},"type":"binary-expr","locations":[{"start":{"line":16,"column":205},"end":{"line":16,"column":208}},{"start":{"line":16,"column":212},"end":{"line":16,"column":240}},{"start":{"line":16,"column":244},"end":{"line":16,"column":270}},{"start":{"line":16,"column":274},"end":{"line":16,"column":298}}],"line":16},"6":{"loc":{"start":{"line":18,"column":33},"end":{"line":18,"column":274}},"type":"binary-expr","locations":[{"start":{"line":18,"column":33},"end":{"line":18,"column":46}},{"start":{"line":18,"column":50},"end":{"line":18,"column":274}}],"line":18},"7":{"loc":{"start":{"line":18,"column":168},"end":{"line":18,"column":253}},"type":"if","locations":[{"start":{"line":18,"column":168},"end":{"line":18,"column":253}},{"start":{"line":18,"column":168},"end":{"line":18,"column":253}}],"line":18},"8":{"loc":{"start":{"line":20,"column":50},"end":{"line":20,"column":151}},"type":"if","locations":[{"start":{"line":20,"column":50},"end":{"line":20,"column":151}},{"start":{"line":20,"column":50},"end":{"line":20,"column":151}}],"line":20},"9":{"loc":{"start":{"line":22,"column":136},"end":{"line":22,"column":166}},"type":"binary-expr","locations":[{"start":{"line":22,"column":136},"end":{"line":22,"column":157}},{"start":{"line":22,"column":161},"end":{"line":22,"column":166}}],"line":22},"10":{"loc":{"start":{"line":22,"column":200},"end":{"line":22,"column":254}},"type":"if","locations":[{"start":{"line":22,"column":200},"end":{"line":22,"column":254}},{"start":{"line":22,"column":200},"end":{"line":22,"column":254}}],"line":22},"11":{"loc":{"start":{"line":24,"column":62},"end":{"line":24,"column":131}},"type":"if","locations":[{"start":{"line":24,"column":62},"end":{"line":24,"column":131}},{"start":{"line":24,"column":62},"end":{"line":24,"column":131}}],"line":24},"12":{"loc":{"start":{"line":24,"column":132},"end":{"line":24,"column":193}},"type":"if","locations":[{"start":{"line":24,"column":132},"end":{"line":24,"column":193}},{"start":{"line":24,"column":132},"end":{"line":24,"column":193}}],"line":24},"13":{"loc":{"start":{"line":26,"column":50},"end":{"line":26,"column":138}},"type":"if","locations":[{"start":{"line":26,"column":50},"end":{"line":26,"column":138}},{"start":{"line":26,"column":50},"end":{"line":26,"column":138}}],"line":26},"14":{"loc":{"start":{"line":26,"column":54},"end":{"line":26,"column":120}},"type":"binary-expr","locations":[{"start":{"line":26,"column":54},"end":{"line":26,"column":58}},{"start":{"line":26,"column":63},"end":{"line":26,"column":89}},{"start":{"line":26,"column":93},"end":{"line":26,"column":119}}],"line":26},"15":{"loc":{"start":{"line":26,"column":139},"end":{"line":26,"column":240}},"type":"if","locations":[{"start":{"line":26,"column":139},"end":{"line":26,"column":240}},{"start":{"line":26,"column":139},"end":{"line":26,"column":240}}],"line":26},"16":{"loc":{"start":{"line":28,"column":43},"end":{"line":28,"column":182}},"type":"if","locations":[{"start":{"line":28,"column":43},"end":{"line":28,"column":182}},{"start":{"line":28,"column":43},"end":{"line":28,"column":182}}],"line":28},"17":{"loc":{"start":{"line":28,"column":47},"end":{"line":28,"column":102}},"type":"binary-expr","locations":[{"start":{"line":28,"column":47},"end":{"line":28,"column":79}},{"start":{"line":28,"column":83},"end":{"line":28,"column":102}}],"line":28},"18":{"loc":{"start":{"line":28,"column":218},"end":{"line":28,"column":252}},"type":"binary-expr","locations":[{"start":{"line":28,"column":218},"end":{"line":28,"column":228}},{"start":{"line":28,"column":232},"end":{"line":28,"column":252}}],"line":28},"19":{"loc":{"start":{"line":28,"column":348},"end":{"line":28,"column":466}},"type":"if","locations":[{"start":{"line":28,"column":348},"end":{"line":28,"column":466}},{"start":{"line":28,"column":348},"end":{"line":28,"column":466}}],"line":28},"20":{"loc":{"start":{"line":28,"column":364},"end":{"line":28,"column":465}},"type":"cond-expr","locations":[{"start":{"line":28,"column":388},"end":{"line":28,"column":431}},{"start":{"line":28,"column":434},"end":{"line":28,"column":465}}],"line":28},"21":{"loc":{"start":{"line":40,"column":22},"end":{"line":40,"column":72}},"type":"cond-expr","locations":[{"start":{"line":40,"column":52},"end":{"line":40,"column":53}},{"start":{"line":40,"column":56},"end":{"line":40,"column":72}}],"line":40},"22":{"loc":{"start":{"line":42,"column":22},"end":{"line":42,"column":72}},"type":"cond-expr","locations":[{"start":{"line":42,"column":52},"end":{"line":42,"column":53}},{"start":{"line":42,"column":56},"end":{"line":42,"column":72}}],"line":42},"23":{"loc":{"start":{"line":46,"column":46},"end":{"line":46,"column":109}},"type":"binary-expr","locations":[{"start":{"line":46,"column":46},"end":{"line":46,"column":69}},{"start":{"line":46,"column":73},"end":{"line":46,"column":109}}],"line":46},"24":{"loc":{"start":{"line":47,"column":4},"end":{"line":47,"column":132}},"type":"if","locations":[{"start":{"line":47,"column":4},"end":{"line":47,"column":132}},{"start":{"line":47,"column":4},"end":{"line":47,"column":132}}],"line":47},"25":{"loc":{"start":{"line":47,"column":8},"end":{"line":47,"column":58}},"type":"binary-expr","locations":[{"start":{"line":47,"column":8},"end":{"line":47,"column":23}},{"start":{"line":47,"column":27},"end":{"line":47,"column":58}}],"line":47},"26":{"loc":{"start":{"line":48,"column":4},"end":{"line":48,"column":108}},"type":"if","locations":[{"start":{"line":48,"column":4},"end":{"line":48,"column":108}},{"start":{"line":48,"column":4},"end":{"line":48,"column":108}}],"line":48},"27":{"loc":{"start":{"line":51,"column":24},"end":{"line":51,"column":42}},"type":"binary-expr","locations":[{"start":{"line":51,"column":24},"end":{"line":51,"column":35}},{"start":{"line":51,"column":39},"end":{"line":51,"column":42}}],"line":51},"28":{"loc":{"start":{"line":81,"column":6},"end":{"line":95,"column":7}},"type":"if","locations":[{"start":{"line":81,"column":6},"end":{"line":95,"column":7}},{"start":{"line":81,"column":6},"end":{"line":95,"column":7}}],"line":81},"29":{"loc":{"start":{"line":86,"column":43},"end":{"line":86,"column":67}},"type":"cond-expr","locations":[{"start":{"line":86,"column":59},"end":{"line":86,"column":62}},{"start":{"line":86,"column":65},"end":{"line":86,"column":67}}],"line":86},"30":{"loc":{"start":{"line":86,"column":76},"end":{"line":86,"column":113}},"type":"cond-expr","locations":[{"start":{"line":86,"column":105},"end":{"line":86,"column":108}},{"start":{"line":86,"column":111},"end":{"line":86,"column":113}}],"line":86},"31":{"loc":{"start":{"line":86,"column":122},"end":{"line":86,"column":159}},"type":"cond-expr","locations":[{"start":{"line":86,"column":151},"end":{"line":86,"column":154}},{"start":{"line":86,"column":157},"end":{"line":86,"column":159}}],"line":86},"32":{"loc":{"start":{"line":86,"column":168},"end":{"line":86,"column":192}},"type":"cond-expr","locations":[{"start":{"line":86,"column":184},"end":{"line":86,"column":187}},{"start":{"line":86,"column":190},"end":{"line":86,"column":192}}],"line":86},"33":{"loc":{"start":{"line":119,"column":20},"end":{"line":119,"column":89}},"type":"cond-expr","locations":[{"start":{"line":119,"column":73},"end":{"line":119,"column":85}},{"start":{"line":119,"column":88},"end":{"line":119,"column":89}}],"line":119},"34":{"loc":{"start":{"line":119,"column":20},"end":{"line":119,"column":70}},"type":"binary-expr","locations":[{"start":{"line":119,"column":20},"end":{"line":119,"column":40}},{"start":{"line":119,"column":44},"end":{"line":119,"column":70}}],"line":119},"35":{"loc":{"start":{"line":120,"column":6},"end":{"line":120,"column":47}},"type":"if","locations":[{"start":{"line":120,"column":6},"end":{"line":120,"column":47}},{"start":{"line":120,"column":6},"end":{"line":120,"column":47}}],"line":120},"36":{"loc":{"start":{"line":123,"column":15},"end":{"line":123,"column":35}},"type":"binary-expr","locations":[{"start":{"line":123,"column":15},"end":{"line":123,"column":23}},{"start":{"line":123,"column":27},"end":{"line":123,"column":35}}],"line":123},"37":{"loc":{"start":{"line":131,"column":20},"end":{"line":131,"column":98}},"type":"binary-expr","locations":[{"start":{"line":131,"column":20},"end":{"line":131,"column":58}},{"start":{"line":131,"column":62},"end":{"line":131,"column":98}}],"line":131},"38":{"loc":{"start":{"line":132,"column":20},"end":{"line":132,"column":98}},"type":"binary-expr","locations":[{"start":{"line":132,"column":20},"end":{"line":132,"column":58}},{"start":{"line":132,"column":62},"end":{"line":132,"column":98}}],"line":132},"39":{"loc":{"start":{"line":133,"column":15},"end":{"line":133,"column":29}},"type":"binary-expr","locations":[{"start":{"line":133,"column":15},"end":{"line":133,"column":20}},{"start":{"line":133,"column":24},"end":{"line":133,"column":29}}],"line":133},"40":{"loc":{"start":{"line":139,"column":20},"end":{"line":139,"column":89}},"type":"cond-expr","locations":[{"start":{"line":139,"column":73},"end":{"line":139,"column":85}},{"start":{"line":139,"column":88},"end":{"line":139,"column":89}}],"line":139},"41":{"loc":{"start":{"line":139,"column":20},"end":{"line":139,"column":70}},"type":"binary-expr","locations":[{"start":{"line":139,"column":20},"end":{"line":139,"column":40}},{"start":{"line":139,"column":44},"end":{"line":139,"column":70}}],"line":139}},"s":{"0":1,"1":1,"2":1,"3":1,"4":1,"5":1,"6":0,"7":0,"8":0,"9":0,"10":0,"11":0,"12":0,"13":0,"14":0,"15":0,"16":0,"17":0,"18":0,"19":0,"20":0,"21":0,"22":1,"23":8,"24":8,"25":8,"26":8,"27":8,"28":8,"29":1,"30":1,"31":1,"32":0,"33":1,"34":0,"35":0,"36":0,"37":0,"38":0,"39":1,"40":0,"41":1,"42":1,"43":1,"44":1,"45":1,"46":0,"47":0,"48":0,"49":0,"50":0,"51":0,"52":0,"53":0,"54":0,"55":0,"56":0,"57":0,"58":0,"59":0,"60":0,"61":0,"62":1,"63":0,"64":0,"65":0,"66":0,"67":0,"68":0,"69":0,"70":0,"71":0,"72":0,"73":0,"74":0,"75":0,"76":0,"77":0,"78":0,"79":0,"80":0,"81":0,"82":0,"83":0,"84":0,"85":0,"86":0,"87":0,"88":0,"89":0,"90":0,"91":0,"92":0,"93":0,"94":0,"95":0,"96":0,"97":0,"98":0,"99":0,"100":0,"101":1,"102":1},"f":{"0":1,"1":0,"2":0,"3":0,"4":0,"5":0,"6":0,"7":1,"8":1,"9":0,"10":1,"11":1,"12":0,"13":0,"14":0,"15":0,"16":0,"17":0,"18":0,"19":0,"20":0,"21":0,"22":0},"b":{"0":[1,0],"1":[1,1],"2":[0,0],"3":[0,0],"4":[0,0],"5":[0,0,0,0],"6":[0,0],"7":[0,0],"8":[0,0],"9":[8,8],"10":[8,0],"11":[1,0],"12":[0,1],"13":[0,0],"14":[0,0,0],"15":[0,0],"16":[0,1],"17":[1,0],"18":[1,1],"19":[1,0],"20":[1,0],"21":[0,0],"22":[0,0],"23":[0,0],"24":[0,0],"25":[0,0],"26":[0,0],"27":[0,0],"28":[0,0],"29":[0,0],"30":[0,0],"31":[0,0],"32":[0,0],"33":[0,0],"34":[0,0],"35":[0,0],"36":[0,0],"37":[0,0],"38":[0,0],"39":[0,0],"40":[0,0],"41":[0,0]},"_coverageSchema":"332fd63041d2c1bcb487cc26dd0d5f7d97098a6c","hash":"f9b723e06990700f3165c992b519e7eb88197b15","contentHash":"04547cb2261b000c06443c53adfd2172_11.3.0"},"/Users/alex/projects/js-rpg/src/shared/random.js":{"path":"/Users/alex/projects/js-rpg/src/shared/random.js","statementMap":{"0":{"start":{"line":3,"column":0},"end":{"line":5,"column":3}},"1":{"start":{"line":6,"column":0},"end":{"line":6,"column":26}},"2":{"start":{"line":7,"column":0},"end":{"line":7,"column":28}},"3":{"start":{"line":8,"column":0},"end":{"line":8,"column":20}},"4":{"start":{"line":9,"column":0},"end":{"line":9,"column":20}},"5":{"start":{"line":11,"column":18},"end":{"line":11,"column":64}},"6":{"start":{"line":13,"column":39},"end":{"line":13,"column":93}},"7":{"start":{"line":16,"column":10},"end":{"line":16,"column":79}},"8":{"start":{"line":17,"column":2},"end":{"line":17,"column":88}},"9":{"start":{"line":17,"column":29},"end":{"line":17,"column":88}},"10":{"start":{"line":18,"column":12},"end":{"line":18,"column":26}},"11":{"start":{"line":19,"column":13},"end":{"line":19,"column":27}},"12":{"start":{"line":20,"column":2},"end":{"line":20,"column":48}},"13":{"start":{"line":24,"column":14},"end":{"line":24,"column":47}},"14":{"start":{"line":25,"column":2},"end":{"line":25,"column":22}},"15":{"start":{"line":35,"column":2},"end":{"line":37,"column":11}},"16":{"start":{"line":36,"column":4},"end":{"line":36,"column":53}},"17":{"start":{"line":41,"column":10},"end":{"line":41,"column":30}},"18":{"start":{"line":42,"column":2},"end":{"line":42,"column":37}}},"fnMap":{"0":{"name":"_interopRequireDefault","decl":{"start":{"line":13,"column":9},"end":{"line":13,"column":31}},"loc":{"start":{"line":13,"column":37},"end":{"line":13,"column":95}},"line":13},"1":{"name":"randInt","decl":{"start":{"line":15,"column":9},"end":{"line":15,"column":16}},"loc":{"start":{"line":15,"column":25},"end":{"line":21,"column":1}},"line":15},"2":{"name":"randItem","decl":{"start":{"line":23,"column":9},"end":{"line":23,"column":17}},"loc":{"start":{"line":23,"column":30},"end":{"line":26,"column":1}},"line":23},"3":{"name":"hash","decl":{"start":{"line":34,"column":9},"end":{"line":34,"column":13}},"loc":{"start":{"line":34,"column":19},"end":{"line":38,"column":1}},"line":34},"4":{"name":"(anonymous_4)","decl":{"start":{"line":35,"column":30},"end":{"line":35,"column":31}},"loc":{"start":{"line":35,"column":54},"end":{"line":37,"column":3}},"line":35},"5":{"name":"init","decl":{"start":{"line":40,"column":9},"end":{"line":40,"column":13}},"loc":{"start":{"line":40,"column":19},"end":{"line":43,"column":1}},"line":40}},"branchMap":{"0":{"loc":{"start":{"line":13,"column":46},"end":{"line":13,"column":92}},"type":"cond-expr","locations":[{"start":{"line":13,"column":70},"end":{"line":13,"column":73}},{"start":{"line":13,"column":76},"end":{"line":13,"column":92}}],"line":13},"1":{"loc":{"start":{"line":13,"column":46},"end":{"line":13,"column":67}},"type":"binary-expr","locations":[{"start":{"line":13,"column":46},"end":{"line":13,"column":49}},{"start":{"line":13,"column":53},"end":{"line":13,"column":67}}],"line":13},"2":{"loc":{"start":{"line":16,"column":10},"end":{"line":16,"column":79}},"type":"cond-expr","locations":[{"start":{"line":16,"column":63},"end":{"line":16,"column":75}},{"start":{"line":16,"column":78},"end":{"line":16,"column":79}}],"line":16},"3":{"loc":{"start":{"line":16,"column":10},"end":{"line":16,"column":60}},"type":"binary-expr","locations":[{"start":{"line":16,"column":10},"end":{"line":16,"column":30}},{"start":{"line":16,"column":34},"end":{"line":16,"column":60}}],"line":16},"4":{"loc":{"start":{"line":17,"column":2},"end":{"line":17,"column":88}},"type":"if","locations":[{"start":{"line":17,"column":2},"end":{"line":17,"column":88}},{"start":{"line":17,"column":2},"end":{"line":17,"column":88}}],"line":17}},"s":{"0":1,"1":1,"2":1,"3":1,"4":1,"5":1,"6":1,"7":229,"8":229,"9":1,"10":228,"11":228,"12":228,"13":107,"14":107,"15":12,"16":36,"17":10,"18":10},"f":{"0":1,"1":229,"2":107,"3":12,"4":36,"5":10},"b":{"0":[0,1],"1":[1,1],"2":[227,2],"3":[229,227],"4":[1,228]},"_coverageSchema":"332fd63041d2c1bcb487cc26dd0d5f7d97098a6c","hash":"aee9827178496c57e05f6819e9c66545fc8f0dbb","contentHash":"c5756f32be08b375fff3f92b137a3bc5_11.3.0"},"/Users/alex/projects/js-rpg/src/shared/MazeGenerator.js":{"path":"/Users/alex/projects/js-rpg/src/shared/MazeGenerator.js","statementMap":{"0":{"start":{"line":3,"co
[...]
:184},"23":{"name":"_enforceBorder","decl":{"start":{"line":202,"column":20},"end":{"line":202,"column":34}},"loc":{"start":{"line":202,"column":44},"end":{"line":208,"column":5}},"line":202},"24":{"name":"_middleRowInit","decl":{"start":{"line":211,"column":20},"end":{"line":211,"column":34}},"loc":{"start":{"line":211,"column":37},"end":{"line":227,"column":5}},"line":211},"25":{"name":"_completeMaze","decl":{"start":{"line":230,"column":20},"end":{"line":230,"column":33}},"loc":{"start":{"line":230,"column":36},"end":{"line":252,"column":5}},"line":230},"26":{"name":"_mazeCell","decl":{"start":{"line":255,"column":20},"end":{"line":255,"column":29}},"loc":{"start":{"line":255,"column":38},"end":{"line":263,"column":5}},"line":255}},"branchMap":{"0":{"loc":{"start":{"line":14,"column":46},"end":{"line":14,"column":92}},"type":"cond-expr","locations":[{"start":{"line":14,"column":70},"end":{"line":14,"column":73}},{"start":{"line":14,"column":76},"end":{"line":14,"column":92}}],"line":14},"1":{"loc":{"start":{"line":14,"column":46},"end":{"line":14,"column":67}},"type":"binary-expr","locations":[{"start":{"line":14,"column":46},"end":{"line":14,"column":49}},{"start":{"line":14,"column":53},"end":{"line":14,"column":67}}],"line":14},"2":{"loc":{"start":{"line":16,"column":24},"end":{"line":16,"column":328}},"type":"if","locations":[{"start":{"line":16,"column":24},"end":{"line":16,"column":328}},{"start":{"line":16,"column":24},"end":{"line":16,"column":328}}],"line":16},"3":{"loc":{"start":{"line":16,"column":28},"end":{"line":16,"column":95}},"type":"binary-expr","locations":[{"start":{"line":16,"column":28},"end":{"line":16,"column":56}},{"start":{"line":16,"column":60},"end":{"line":16,"column":95}}],"line":16},"4":{"loc":{"start":{"line":16,"column":205},"end":{"line":16,"column":322}},"type":"cond-expr","locations":[{"start":{"line":16,"column":301},"end":{"line":16,"column":309}},{"start":{"line":16,"column":312},"end":{"line":16,"column":322}}],"line":16},"5":{"loc":{"start":{"line":16,"column":205},"end":{"line":16,"column":298}},"type":"binary-expr","locations":[{"start":{"line":16,"column":205},"end":{"line":16,"column":208}},{"start":{"line":16,"column":212},"end":{"line":16,"column":240}},{"start":{"line":16,"column":244},"end":{"line":16,"column":270}},{"start":{"line":16,"column":274},"end":{"line":16,"column":298}}],"line":16},"6":{"loc":{"start":{"line":18,"column":213},"end":{"line":18,"column":247}},"type":"if","locations":[{"start":{"line":18,"column":213},"end":{"line":18,"column":247}},{"start":{"line":18,"column":213},"end":{"line":18,"column":247}}],"line":18},"7":{"loc":{"start":{"line":18,"column":217},"end":{"line":18,"column":239}},"type":"binary-expr","locations":[{"start":{"line":18,"column":217},"end":{"line":18,"column":218}},{"start":{"line":18,"column":222},"end":{"line":18,"column":239}}],"line":18},"8":{"loc":{"start":{"line":18,"column":305},"end":{"line":18,"column":353}},"type":"if","locations":[{"start":{"line":18,"column":305},"end":{"line":18,"column":353}},{"start":{"line":18,"column":305},"end":{"line":18,"column":353}}],"line":18},"9":{"loc":{"start":{"line":18,"column":309},"end":{"line":18,"column":336}},"type":"binary-expr","locations":[{"start":{"line":18,"column":309},"end":{"line":18,"column":312}},{"start":{"line":18,"column":316},"end":{"line":18,"column":336}}],"line":18},"10":{"loc":{"start":{"line":18,"column":366},"end":{"line":18,"column":383}},"type":"if","locations":[{"start":{"line":18,"column":366},"end":{"line":18,"column":383}},{"start":{"line":18,"column":366},"end":{"line":18,"column":383}}],"line":18},"11":{"loc":{"start":{"line":20,"column":34},"end":{"line":20,"column":235}},"type":"if","locations":[{"start":{"line":20,"column":34},"end":{"line":20,"column":235}},{"start":{"line":20,"column":34},"end":{"line":20,"column":235}}],"line":20},"12":{"loc":{"start":{"line":20,"column":79},"end":{"line":20,"column":235}},"type":"if","locations":[{"start":{"line":20,"column":79},"end":{"line":20,"column":235}},{"start":{"line":20,"column":79},"end":{"line":20,"column":235}}],"line":20},"13":{"loc":{"start":{"line":22,"column":50},"end":{"line":22,"column":151}},"type":"if","locations":[{"start":{"line":22,"column":50},"end":{"line":22,"column":151}},{"start":{"line":22,"column":50},"end":{"line":22,"column":151}}],"line":22},"14":{"loc":{"start":{"line":24,"column":136},"end":{"line":24,"column":166}},"type":"binary-expr","locations":[{"start":{"line":24,"column":136},"end":{"line":24,"column":157}},{"start":{"line":24,"column":161},"end":{"line":24,"column":166}}],"line":24},"15":{"loc":{"start":{"line":24,"column":200},"end":{"line":24,"column":254}},"type":"if","locations":[{"start":{"line":24,"column":200},"end":{"line":24,"column":254}},{"start":{"line":24,"column":200},"end":{"line":24,"column":254}}],"line":24},"16":{"loc":{"start":{"line":26,"column":62},"end":{"line":26,"column":131}},"type":"if","locations":[{"start":{"line":26,"column":62},"end":{"line":26,"column":131}},{"start":{"line":26,"column":62},"end":{"line":26,"column":131}}],"line":26},"17":{"loc":{"start":{"line":26,"column":132},"end":{"line":26,"column":193}},"type":"if","locations":[{"start":{"line":26,"column":132},"end":{"line":26,"column":193}},{"start":{"line":26,"column":132},"end":{"line":26,"column":193}}],"line":26},"18":{"loc":{"start":{"line":28,"column":50},"end":{"line":28,"column":138}},"type":"if","locations":[{"start":{"line":28,"column":50},"end":{"line":28,"column":138}},{"start":{"line":28,"column":50},"end":{"line":28,"column":138}}],"line":28},"19":{"loc":{"start":{"line":28,"column":54},"end":{"line":28,"column":120}},"type":"binary-expr","locations":[{"start":{"line":28,"column":54},"end":{"line":28,"column":58}},{"start":{"line":28,"column":63},"end":{"line":28,"column":89}},{"start":{"line":28,"column":93},"end":{"line":28,"column":119}}],"line":28},"20":{"loc":{"start":{"line":28,"column":139},"end":{"line":28,"column":240}},"type":"if","locations":[{"start":{"line":28,"column":139},"end":{"line":28,"column":240}},{"start":{"line":28,"column":139},"end":{"line":28,"column":240}}],"line":28},"21":{"loc":{"start":{"line":30,"column":43},"end":{"line":30,"column":182}},"type":"if","locations":[{"start":{"line":30,"column":43},"end":{"line":30,"column":182}},{"start":{"line":30,"column":43},"end":{"line":30,"column":182}}],"line":30},"22":{"loc":{"start":{"line":30,"column":47},"end":{"line":30,"column":102}},"type":"binary-expr","locations":[{"start":{"line":30,"column":47},"end":{"line":30,"column":79}},{"start":{"line":30,"column":83},"end":{"line":30,"column":102}}],"line":30},"23":{"loc":{"start":{"line":30,"column":218},"end":{"line":30,"column":252}},"type":"binary-expr","locations":[{"start":{"line":30,"column":218},"end":{"line":30,"column":228}},{"start":{"line":30,"column":232},"end":{"line":30,"column":252}}],"line":30},"24":{"loc":{"start":{"line":30,"column":348},"end":{"line":30,"column":466}},"type":"if","locations":[{"start":{"line":30,"column":348},"end":{"line":30,"column":466}},{"start":{"line":30,"column":348},"end":{"line":30,"column":466}}],"line":30},"25":{"loc":{"start":{"line":30,"column":364},"end":{"line":30,"column":465}},"type":"cond-expr","locations":[{"start":{"line":30,"column":388},"end":{"line":30,"column":431}},{"start":{"line":30,"column":434},"end":{"line":30,"column":465}}],"line":30},"26":{"loc":{"start":{"line":49,"column":46},"end":{"line":49,"column":109}},"type":"binary-expr","locations":[{"start":{"line":49,"column":46},"end":{"line":49,"column":69}},{"start":{"line":49,"column":73},"end":{"line":49,"column":109}}],"line":49},"27":{"loc":{"start":{"line":50,"column":36},"end":{"line":50,"column":65}},"type":"binary-expr","locations":[{"start":{"line":50,"column":36},"end":{"line":50,"column":59}},{"start":{"line":50,"column":63},"end":{"line":50,"column":65}}],"line":50},"28":{"loc":{"start":{"line":51,"column":42},"end":{"line":51,"column":77}},"type":"binary-expr","locations":[{"start":{"line":51,"column":42},"end":{"line":51,"column":71}},{"start":{"line":51,"column":75},"end":{"line":51,"column":77}}],"line":51},"29":{"loc":{"start":{"line":79,"column":6},"end":{"line":97,"column":7}},"type":"if","locations":[{"start":{"line":79,"column":6},"end":{"line":97,"column":7}},{"start":{"line":79,"column":6},"end":{"line":97,"column":7}}],"line":79},"30":{"loc":{"start":{"line":85,"column":13},"end":{"line":97,"column":7}},"type":"if","locations":[{"start":{"line":85,"column":13},"end":{"line":97,"column":7}},{"start":{"line":85,"column":13},"end":{"line":97,"column":7}}],"line":85},"31":{"loc":{"start":{"line":107,"column":8},"end":{"line":107,"column":27}},"type":"if","locations":[{"start":{"line":107,"column":8},"end":{"line":107,"column":27}},{"start":{"line":107,"column":8},"end":{"line":107,"column":27}}],"line":107},"32":{"loc":{"start":{"line":122,"column":8},"end":{"line":122,"column":61}},"type":"if","locations":[{"start":{"line":122,"column":8},"end":{"line":122,"column":61}},{"start":{"line":122,"column":8},"end":{"line":122,"column":61}}],"line":122},"33":{"loc":{"start":{"line":122,"column":12},"end":{"line":122,"column":50}},"type":"binary-expr","locations":[{"start":{"line":122,"column":12},"end":{"line":122,"column":29}},{"start":{"line":122,"column":33},"end":{"line":122,"column":50}}],"line":122},"34":{"loc":{"start":{"line":125,"column":8},"end":{"line":146,"column":9}},"type":"if","locations":[{"start":{"line":125,"column":8},"end":{"line":146,"column":9}},{"start":{"line":125,"column":8},"end":{"line":146,"column":9}}],"line":125},"35":{"loc":{"start":{"line":125,"column":12},"end":{"line":125,"column":49}},"type":"binary-expr","locations":[{"start":{"line":125,"column":12},"end":{"line":125,"column":29}},{"start":{"line":125,"column":33},"end":{"line":125,"column":49}}],"line":125},"36":{"loc":{"start":{"line":126,"column":10},"end":{"line":130,"column":11}},"type":"if","locations":[{"start":{"line":126,"column":10},"end":{"line":130,"column":11}},{"start":{"line":126,"column":10},"end":{"line":130,"column":11}}],"line":126},"37":{"loc":{"start":{"line":131,"column":15},"end":{"line":146,"column":9}},"type":"if","locations":[{"start":{"line":131,"column":15},"end":{"line":146,"column":9}},{"start":{"line":131,"column":15},"end":{"line":146,"column":9}}],"line":131},"38":{"loc":{"start":{"line":131,"column":19},"end":{"line":131,"column":56}},"type":"binary-expr","locations":[{"start":{"line":131,"column":19},"end":{"line":131,"column":35}},{"start":{"line":131,"column":39},"end":{"line":131,"column":56}}],"line":131},"39":{"loc":{"start":{"line":132,"column":10},"end":{"line":136,"column":11}},"type":"if","locations":[{"start":{"line":132,"column":10},"end":{"line":136,"column":11}},{"start":{"line":132,"column":10},"end":{"line":136,"column":11}}],"line":132},"40":{"loc":{"start":{"line":137,"column":15},"end":{"line":146,"column":9}},"type":"if","locations":[{"start":{"line":137,"column":15},"end":{"line":146,"column":9}},{"start":{"line":137,"column":15},"end":{"line":146,"column":9}}],"line":137},"41":{"loc":{"start":{"line":137,"column":19},"end":{"line":137,"column":55}},"type":"binary-expr","locations":[{"start":{"line":137,"column":19},"end":{"line":137,"column":35}},{"start":{"line":137,"column":39},"end":{"line":137,"column":55}}],"line":137},"42":{"loc":{"start":{"line":140,"column":10},"end":{"line":145,"column":11}},"type":"if","locations":[{"start":{"line":140,"column":10},"end":{"line":145,"column":11}},{"start":{"line":140,"column":10},"end":{"line":145,"column":11}}],"line":140},"43":{"loc":{"start":{"line":140,"column":14},"end":{"line":140,"column":80}},"type":"binary-expr","locations":[{"start":{"line":140,"column":14},"end":{"line":140,"column":22}},{"start":{"line":140,"column":26},"end":{"line":140,"column":80}}],"line":140},"44":{"loc":{"start":{"line":174,"column":6},"end":{"line":176,"column":7}},"type":"if","locations":[{"start":{"line":174,"column":6},"end":{"line":176,"column":7}},{"start":{"line":174,"column":6},"end":{"line":176,"column":7}}],"line":174},"45":{"loc":{"start":{"line":178,"column":6},"end":{"line":180,"column":7}},"type":"if","locations":[{"start":{"line":178,"column":6},"end":{"line":180,"column":7}},{"start":{"line":178,"column":6},"end":{"line":180,"column":7}}],"line":178},"46":{"loc":{"start":{"line":185,"column":6},"end":{"line":185,"column":51}},"type":"if","locations":[{"start":{"line":185,"column":6},"end":{"line":185,"column":51}},{"start":{"line":185,"column":6},"end":{"line":185,"column":51}}],"line":185},"47":{"loc":{"start":{"line":187,"column":6},"end":{"line":187,"column":77}},"type":"if","locations":[{"start":{"line":187,"column":6},"end":{"line":187,"column":77}},{"start":{"line":187,"column":6},"end":{"line":187,"column":77}}],"line":187},"48":{"loc":{"start":{"line":187,"column":10},"end":{"line":187,"column":36}},"type":"binary-expr","locations":[{"start":{"line":187,"column":10},"end":{"line":187,"column":15}},{"start":{"line":187,"column":19},"end":{"line":187,"column":36}}],"line":187},"49":{"loc":{"start":{"line":193,"column":8},"end":{"line":195,"column":9}},"type":"if","locations":[{"start":{"line":193,"column":8},"end":{"line":195,"column":9}},{"start":{"line":193,"column":8},"end":{"line":195,"column":9}}],"line":193},"50":{"loc":{"start":{"line":193,"column":12},"end":{"line":193,"column":56}},"type":"binary-expr","locations":[{"start":{"line":193,"column":12},"end":{"line":193,"column":14}},{"start":{"line":193,"column":18},"end":{"line":193,"column":32}},{"start":{"line":193,"column":36},"end":{"line":193,"column":56}}],"line":193},"51":{"loc":{"start":{"line":203,"column":6},"end":{"line":207,"column":7}},"type":"if","locations":[{"start":{"line":203,"column":6},"end":{"line":207,"column":7}},{"start":{"line":203,"column":6},"end":{"line":207,"column":7}}],"line":203},"52":{"loc":{"start":{"line":205,"column":13},"end":{"line":207,"column":7}},"type":"if","locations":[{"start":{"line":205,"column":13},"end":{"line":207,"column":7}},{"start":{"line":205,"column":13},"end":{"line":207,"column":7}}],"line":205},"53":{"loc":{"start":{"line":214,"column":8},"end":{"line":214,"column":27}},"type":"if","locations":[{"start":{"line":214,"column":8},"end":{"line":214,"column":27}},{"start":{"line":214,"column":8},"end":{"line":214,"column":27}}],"line":214},"54":{"loc":{"start":{"line":219,"column":31},"end":{"line":219,"column":93}},"type":"cond-expr","locations":[{"start":{"line":219,"column":51},"end":{"line":219,"column":60}},{"start":{"line":219,"column":63},"end":{"line":219,"column":93}}],"line":219},"55":{"loc":{"start":{"line":219,"column":63},"end":{"line":219,"column":93}},"type":"binary-expr","locations":[{"start":{"line":219,"column":63},"end":{"line":219,"column":80}},{"start":{"line":219,"column":84},"end":{"line":219,"column":93}}],"line":219},"56":{"loc":{"start":{"line":221,"column":8},"end":{"line":221,"column":51}},"type":"if","locations":[{"start":{"line":221,"column":8},"end":{"line":221,"column":51}},{"start":{"line":221,"column":8},"end":{"line":221,"column":51}}],"line":221},"57":{"loc":{"start":{"line":236,"column":8},"end":{"line":236,"column":69}},"type":"if","locations":[{"start":{"line":236,"column":8},"end":{"line":236,"column":69}},{"start":{"line":236,"column":8},"end":{"line":236,"column":69}}],"line":236},"58":{"loc":{"start":{"line":236,"column":12},"end":{"line":236,"column":58}},"type":"binary-expr","locations":[{"start":{"line":236,"column":12},"end":{"line":236,"column":28}},{"start":{"line":236,"column":32},"end":{"line":236,"column":58}}],"line":236},"59":{"loc":{"start":{"line":238,"column":8},"end":{"line":250,"column":9}},"type":"if","locations":[{"start":{"line":238,"column":8},"end":{"line":250,"column":9}},{"start":{"line":238,"column":8},"end":{"line":250,"column":9}}],"line":238},"60":{"loc":{"start":{"line":238,"column":12},"end":{"line":238,"column":49}},"type":"binary-expr","locations":[{"start":{"line":238,"column":12},"end":{"line":238,"column":29}},{"start":{"line":238,"column":33},"end":{"line":238,"column":49}}],"line":238},"61":{"loc":{"start":{"line":240,"column":15},"end":{"line":250,"column":9}},"type":"if","locations":[{"start":{"line":240,"column":15},"end":{"line":250,"column":9}},{"start":{"line":240,"column":15},"end":{"line":250,"column":9}}],"line":240},"62":{"loc":{"start":{"line":240,"column":19},"end":{"line":240,"column":56}},"type":"binary-expr","locations":[{"start":{"line":240,"column":19},"end":{"line":240,"column":35}},{"start":{"line":240,"column":39},"end":{"line":240,"column":56}}],"line":240},"63":{"loc":{"start":{"line":242,"column":15},"end":{"line":250,"column":9}},"type":"if","locations":[{"start":{"line":242,"column":15},"end":{"line":250,"column":9}},{"start":{"line":242,"column":15},"end":{"line":250,"column":9}}],"line":242},"64":{"loc":{"start":{"line":242,"column":19},"end":{"line":242,"column":55}},"type":"binary-expr","locations":[{"start":{"line":242,"column":19},"end":{"line":242,"column":35}},{"start":{"line":242,"column":39},"end":{"line":242,"column":55}}],"line":242},"65":{"loc":{"start":{"line":243,"column":10},"end":{"line":246,"column":11}},"type":"if","locations":[{"start":{"line":243,"column":10},"end":{"line":246,"column":11}},{"start":{"line":243,"column":10},"end":{"line":246,"column":11}}],"line":243}},"s":{"0":1,"1":1,"2":1,"3":1,"4":1,"5":1,"6":0,"7":0,"8":0,"9":0,"10":0,"11":0,"12":0,"13":0,"14":0,"15":0,"16":0,"17":0,"18":0,"19":0,"20":0,"21":0,"22":0,"23":0,"24":0,"25":0,"26":0,"27":0,"28":0,"29":13,"30":13,"31":0,"32":0,"33":0,"34":14,"35":0,"36":1,"37":13,"38":13,"39":13,"40":13,"41":13,"42":13,"43":1,"44":1,"45":1,"46":0,"47":1,"48":14,"49":0,"50":14,"51":0,"52":14,"53":1,"54":0,"55":1,"56":1,"57":1,"58":1,"59":42,"60":1,"61":1,"62":15,"63":14,"64":14,"65":14,"66":14,"67":14,"68":14,"69":14,"70":1,"71":15,"72":7,"73":5,"74":11,"75":11,"76":11,"77":7,"78":7,"79":7,"80":4,"81":1,"82":1,"83":1,"84":3,"85":3,"86":3,"87":11,"88":11,"89":7,"90":21,"91":21,"92":18,"93":3,"94":3,"95":3,"96":11,"97":22,"98":22,"99":22,"100":0,"101":22,"102":22,"103":0,"104":0,"105":0,"106":22,"107":0,"108":0,"109":0,"110":22,"111":22,"112":22,"113":3,"114":19,"115":19,"116":10,"117":10,"118":13,"119":13,"120":13,"121":13,"122":13,"123":13,"124":13,"125":20,"126":20,"127":20,"128":20,"129":5,"130":20,"131":7,"132":23,"133":10,"134":13,"135":13,"136":0,"137":13,"138":13,"139":33,"140":33,"141":3,"142":10,"143":9,"144":3,"145":6,"146":3,"147":4,"148":12,"149":12,"150":6,"151":6,"152":6,"153":6,"154":6,"155":6,"156":4,"157":6,"158":6,"159":1,"160":1,"161":2,"162":2,"163":2,"164":1,"165":1,"166":0,"167":1,"168":0,"169":1,"170":1,"171":1,"172":1,"173":1,"174":1,"175":9,"176":9,"177":9,"178":9,"179":9,"180":9,"181":9,"182":1,"183":1},"f":{"0":1,"1":0,"2":0,"3":0,"4":0,"5":13,"6":14,"7":1,"8":1,"9":14,"10":1,"11":42,"12":1,"13":15,"14":15,"15":7,"16":5,"17":11,"18":7,"19":11,"20":10,"21":20,"22":23,"23":9,"24":4,"25":1,"26":9},"b":{"0":[1,0],"1":[1,1],"2":[0,0],"3":[0,0],"4":[0,0],"5":[0,0,0,0],"6":[0,0],"7":[0,0],"8":[0,0],"9":[0,0],"10":[0,0],"11":[13,0],"12":[0,0],"13":[0,14],"14":[13,13],"15":[13,0],"16":[1,0],"17":[0,1],"18":[0,14],"19":[14,0,0],"20":[0,14],"21":[0,1],"22":[1,0],"23":[1,1],"24":[1,0],"25":[1,0],"26":[14,0],"27":[14,0],"28":[14,0],"29":[7,4],"30":[1,3],"31":[18,3],"32":[0,22],"33":[22,0],"34":[0,22],"35":[22,0],"36":[0,0],"37":[0,22],"38":[22,22],"39":[0,0],"40":[22,0],"41":[22,22],"42":[3,19],"43":[22,7],"44":[5,15],"45":[7,13],"46":[10,13],"47":[0,13],"48":[13,13],"49":[3,30],"50":[33,33,33],"51":[3,6],"52":[3,3],"53":[6,6],"54":[2,4],"55":[4,0],"56":[4,2],"57":[1,1],"58":[2,2],"59":[0,1],"60":[1,0],"61":[0,1],"62":[1,1],"63":[1,0],"64":[1,1],"65":[1,0]},"_coverageSchema":"332fd63041d2c1bcb487cc26dd0d5f7d97098a6c","hash":"67a60a276eb8c8d262f20e94cf35009ea8d901d9","contentHash":"f39e93903b85077e0197c6f34ae729f9_11.3.0"}}